INFO 2025-07-26 06:22:40,583 basehttp 86205 123145395568640 "POST /api/webhook/ HTTP/1.1" 200 15
INFO 2025-07-26 06:22:54,315 basehttp 86205 123145395568640 "POST /api/webhook/ HTTP/1.1" 200 15
INFO 2025-07-26 06:23:02,276 basehttp 86205 123145395568640 "POST /api/webhook/ HTTP/1.1" 200 15
INFO 2025-07-26 06:38:20,025 autoreload 86205 140704712654784 /Users/shakhzodabidov/Projects/StreetBurgerMiniApp/backend/config/settings.py changed, reloading.
INFO 2025-07-26 06:38:21,130 autoreload 99987 140704712654784 Watching for file changes with StatReloader
INFO 2025-07-26 06:38:22,645 autoreload 99987 140704712654784 /Users/shakhzodabidov/Projects/StreetBurgerMiniApp/backend/config/settings.py changed, reloading.
INFO 2025-07-26 06:38:23,221 autoreload 264 140704712654784 Watching for file changes with StatReloader
INFO 2025-07-26 06:38:25,416 autoreload 264 140704712654784 /Users/shakhzodabidov/Projects/StreetBurgerMiniApp/backend/config/settings.py changed, reloading.
INFO 2025-07-26 06:38:26,227 autoreload 285 140704712654784 Watching for file changes with StatReloader
INFO 2025-07-26 07:00:05,642 autoreload 18228 140704712654784 Watching for file changes with StatReloader
INFO 2025-07-26 07:15:57,256 basehttp 18228 123145414320128 "GET /admin/api/category/ HTTP/1.1" 302 0
INFO 2025-07-26 07:15:57,378 basehttp 18228 123145414320128 "GET /admin/login/?next=/admin/api/category/ HTTP/1.1" 200 4256
INFO 2025-07-26 07:17:10,350 basehttp 18228 123145414320128 "POST /admin/login/?next=/admin/api/category/ HTTP/1.1" 302 0
INFO 2025-07-26 07:17:10,434 basehttp 18228 123145414320128 "GET /admin/api/category/ HTTP/1.1" 200 14059
INFO 2025-07-26 07:17:10,713 basehttp 18228 123145414320128 "GET /admin/jsi18n/ HTTP/1.1" 200 16066
INFO 2025-07-26 07:17:18,744 basehttp 18228 123145414320128 "GET /admin/app_operator/operatoranalytics/ HTTP/1.1" 200 14682
INFO 2025-07-26 07:17:18,853 basehttp 18228 123145414320128 "GET /admin/jsi18n/ HTTP/1.1" 200 16066
INFO 2025-07-26 07:17:22,878 basehttp 18228 123145414320128 "GET /admin/app_operator/orderstatushistory/ HTTP/1.1" 200 15190
INFO 2025-07-26 07:17:22,985 basehttp 18228 123145414320128 "GET /admin/jsi18n/ HTTP/1.1" 200 16066
INFO 2025-07-26 07:17:26,157 basehttp 18228 123145414320128 "GET /admin/app_operator/orderassignment/ HTTP/1.1" 200 16062
INFO 2025-07-26 07:17:26,316 basehttp 18228 123145414320128 "GET /admin/jsi18n/ HTTP/1.1" 200 16066
INFO 2025-07-26 07:17:29,547 basehttp 18228 123145414320128 "GET /admin/app_operator/operatorsession/ HTTP/1.1" 200 15369
INFO 2025-07-26 07:17:29,671 basehttp 18228 123145414320128 "GET /admin/jsi18n/ HTTP/1.1" 200 16066
INFO 2025-07-26 07:17:32,946 basehttp 18228 123145414320128 "GET /admin/app_operator/operatornotification/ HTTP/1.1" 200 15928
INFO 2025-07-26 07:17:33,028 basehttp 18228 123145414320128 "GET /admin/jsi18n/ HTTP/1.1" 200 16066
ERROR 2025-07-26 07:17:38,086 basehttp 18228 123145414320128 "GET /admin/app_operator/operatorsession/add/ HTTP/1.1" 500 618886
INFO 2025-07-26 07:17:44,313 basehttp 18228 123145414320128 "GET /admin/app_operator/operatornotification/ HTTP/1.1" 200 15928
INFO 2025-07-26 07:17:47,629 basehttp 18228 123145414320128 "GET /admin/app_operator/operatoranalytics/add/ HTTP/1.1" 200 19943
INFO 2025-07-26 07:17:47,777 basehttp 18228 123145414320128 "GET /admin/jsi18n/ HTTP/1.1" 200 16066
INFO 2025-07-26 07:17:47,790 basehttp 18228 123145447899136 "GET /static/admin/js/calendar.js HTTP/1.1" 200 8466
INFO 2025-07-26 07:17:47,792 basehttp 18228 123145431109632 "GET /static/admin/js/admin/DateTimeShortcuts.js HTTP/1.1" 200 19319
INFO 2025-07-26 07:17:49,472 basehttp 18228 123145447899136 "GET /static/admin/img/icon-calendar.svg HTTP/1.1" 200 1086
INFO 2025-07-26 07:18:01,810 basehttp 18228 123145447899136 "GET /admin/app_operator/orderstatushistory/ HTTP/1.1" 200 15190
INFO 2025-07-26 07:18:01,916 basehttp 18228 123145447899136 "GET /admin/jsi18n/ HTTP/1.1" 200 16066
INFO 2025-07-26 07:18:05,074 basehttp 18228 123145447899136 "GET /admin/app_operator/orderstatushistory/add/ HTTP/1.1" 200 19840
INFO 2025-07-26 07:18:05,174 basehttp 18228 123145447899136 "GET /admin/jsi18n/ HTTP/1.1" 200 16066
INFO 2025-07-26 07:18:13,984 basehttp 18228 123145447899136 "GET /admin/app_operator/orderassignment/ HTTP/1.1" 200 16062
INFO 2025-07-26 07:18:14,078 basehttp 18228 123145447899136 "GET /admin/jsi18n/ HTTP/1.1" 200 16066
INFO 2025-07-26 07:19:56,484 autoreload 34342 140704712654784 Watching for file changes with StatReloader
INFO 2025-07-26 07:19:59,691 basehttp 34342 123145336119296 "GET /admin/ HTTP/1.1" 200 13537
INFO 2025-07-26 07:20:10,610 basehttp 34342 123145336119296 "GET /admin/app_operator/operatoranalytics/ HTTP/1.1" 200 14682
INFO 2025-07-26 07:20:10,709 basehttp 34342 123145336119296 "GET /admin/jsi18n/ HTTP/1.1" 200 16066
INFO 2025-07-26 07:20:15,105 basehttp 34342 123145336119296 "GET /admin/app_operator/orderassignment/add/ HTTP/1.1" 200 20636
INFO 2025-07-26 07:20:15,186 basehttp 34342 123145336119296 "GET /admin/jsi18n/ HTTP/1.1" 200 16066
INFO 2025-07-26 07:20:26,077 basehttp 34342 123145336119296 "GET /admin/app_operator/operator/add/ HTTP/1.1" 200 21439
INFO 2025-07-26 07:20:26,147 basehttp 34342 123145336119296 "GET /admin/jsi18n/ HTTP/1.1" 200 16066
ERROR 2025-07-26 07:20:58,089 basehttp 34342 123145336119296 "GET /admin/app_operator/operatorsession/add/ HTTP/1.1" 500 618828
INFO 2025-07-26 07:21:27,289 basehttp 34342 123145336119296 "GET /admin/app_operator/operator/add/ HTTP/1.1" 200 21439
INFO 2025-07-26 07:21:29,226 autoreload 34342 140704712654784 /Users/shakhzodabidov/Projects/StreetBurgerMiniApp/backend/app_operator/models.py changed, reloading.
INFO 2025-07-26 07:21:30,462 autoreload 35617 140704712654784 Watching for file changes with StatReloader
INFO 2025-07-26 07:21:31,987 basehttp 35617 123145572622336 "GET /admin/app_operator/operatornotification/add/ HTTP/1.1" 200 20739
INFO 2025-07-26 07:21:32,088 basehttp 35617 123145572622336 "GET /admin/jsi18n/ HTTP/1.1" 200 16066
INFO 2025-07-26 07:21:36,287 autoreload 35617 140704712654784 /Users/shakhzodabidov/Projects/StreetBurgerMiniApp/backend/app_operator/models.py changed, reloading.
INFO 2025-07-26 07:21:37,056 autoreload 35741 140704712654784 Watching for file changes with StatReloader
INFO 2025-07-26 07:21:45,577 autoreload 35741 140704712654784 /Users/shakhzodabidov/Projects/StreetBurgerMiniApp/backend/app_operator/admin.py changed, reloading.
INFO 2025-07-26 07:21:46,237 autoreload 35876 140704712654784 Watching for file changes with StatReloader
INFO 2025-07-26 07:21:48,439 basehttp 35876 123145433735168 "GET /admin/auth/group/ HTTP/1.1" 200 13150
INFO 2025-07-26 07:21:48,510 basehttp 35876 123145433735168 "GET /admin/jsi18n/ HTTP/1.1" 200 16066
INFO 2025-07-26 07:21:51,824 autoreload 35876 140704712654784 /Users/shakhzodabidov/Projects/StreetBurgerMiniApp/backend/app_operator/admin.py changed, reloading.
INFO 2025-07-26 07:21:52,617 autoreload 35896 140704712654784 Watching for file changes with StatReloader
INFO 2025-07-26 07:21:59,213 basehttp 35896 123145572753408 "GET /admin/app_operator/operatorsession/add/ HTTP/1.1" 200 19555
INFO 2025-07-26 07:21:59,279 basehttp 35896 123145572753408 "GET /admin/jsi18n/ HTTP/1.1" 200 16066
INFO 2025-07-26 07:22:00,502 autoreload 35896 140704712654784 /Users/shakhzodabidov/Projects/StreetBurgerMiniApp/backend/app_operator/admin.py changed, reloading.
INFO 2025-07-26 07:22:01,094 autoreload 36031 140704712654784 Watching for file changes with StatReloader
INFO 2025-07-26 07:22:08,570 autoreload 36031 140704712654784 /Users/shakhzodabidov/Projects/StreetBurgerMiniApp/backend/app_operator/admin.py changed, reloading.
INFO 2025-07-26 07:22:09,263 autoreload 36162 140704712654784 Watching for file changes with StatReloader
INFO 2025-07-26 07:28:11,313 autoreload 41041 140704712654784 Watching for file changes with StatReloader
INFO 2025-07-26 07:49:24,194 basehttp 41041 123145563684864 "GET /admin/api/category/ HTTP/1.1" 302 0
INFO 2025-07-26 07:49:24,242 basehttp 41041 123145563684864 "GET /admin/login/?next=/admin/api/category/ HTTP/1.1" 200 4256
INFO 2025-07-26 07:49:24,335 basehttp 41041 123145580474368 "GET /static/admin/css/nav_sidebar.css HTTP/1.1" 304 0
INFO 2025-07-26 07:49:24,350 basehttp 41041 123145563684864 "GET /static/admin/css/base.css HTTP/1.1" 304 0
INFO 2025-07-26 07:49:24,350 basehttp 41041 123145630842880 "GET /static/admin/css/login.css HTTP/1.1" 304 0
INFO 2025-07-26 07:49:24,352 basehttp 41041 123145597263872 "GET /static/admin/css/responsive.css HTTP/1.1" 304 0
INFO 2025-07-26 07:49:24,352 basehttp 41041 123145614053376 "GET /static/admin/css/dark_mode.css HTTP/1.1" 304 0
INFO 2025-07-26 07:49:27,099 basehttp 41041 123145597263872 "GET /static/admin/js/nav_sidebar.js HTTP/1.1" 304 0
INFO 2025-07-26 07:49:27,100 basehttp 41041 123145614053376 "GET /static/admin/js/theme.js HTTP/1.1" 304 0
INFO 2025-07-26 07:49:33,142 basehttp 41041 123145614053376 "POST /admin/login/?next=/admin/api/category/ HTTP/1.1" 200 4523
INFO 2025-07-28 22:42:57,468 autoreload 86255 140704712654784 Watching for file changes with StatReloader
INFO 2025-07-28 23:14:17,486 basehttp 86255 123145588334592 "OPTIONS /api/auth/telegram/ HTTP/1.1" 200 0
WARNING 2025-07-28 23:14:17,516 log 86255 123145588334592 Forbidden (Origin checking failed - http://localhost:5173 does not match any trusted origins.): /api/auth/telegram/
WARNING 2025-07-28 23:14:17,517 basehttp 86255 123145588334592 "POST /api/auth/telegram/ HTTP/1.1" 403 2611
WARNING 2025-07-28 23:14:25,644 log 86255 123145588334592 Forbidden (Origin checking failed - http://localhost:5173 does not match any trusted origins.): /api/auth/telegram/
WARNING 2025-07-28 23:14:25,645 basehttp 86255 123145588334592 "POST /api/auth/telegram/ HTTP/1.1" 403 2611
INFO 2025-07-28 23:15:06,198 autoreload 86255 140704712654784 /Users/shakhzodabidov/Projects/StreetBurgerMiniApp/backend/config/settings.py changed, reloading.
INFO 2025-07-28 23:15:07,792 autoreload 12985 140704712654784 Watching for file changes with StatReloader
INFO 2025-07-28 23:15:10,351 autoreload 12985 140704712654784 /Users/shakhzodabidov/Projects/StreetBurgerMiniApp/backend/config/settings.py changed, reloading.
INFO 2025-07-28 23:15:11,195 autoreload 13008 140704712654784 Watching for file changes with StatReloader
WARNING 2025-07-28 23:15:12,880 log 13008 123145340682240 Forbidden (Origin checking failed - http://localhost:5173 does not match any trusted origins.): /api/auth/telegram/
WARNING 2025-07-28 23:15:12,881 basehttp 13008 123145340682240 "POST /api/auth/telegram/ HTTP/1.1" 403 2611
INFO 2025-07-28 23:17:32,836 autoreload 13008 140704712654784 /Users/shakhzodabidov/Projects/StreetBurgerMiniApp/backend/config/settings.py changed, reloading.
INFO 2025-07-28 23:17:34,218 autoreload 14932 140704712654784 Watching for file changes with StatReloader
INFO 2025-07-28 23:18:02,485 basehttp 14932 123145584156672 "OPTIONS /api/auth/telegram/ HTTP/1.1" 200 0
WARNING 2025-07-28 23:18:02,522 basehttp 14932 123145600946176 "POST /api/auth/telegram/ HTTP/1.1" 404 26801
INFO 2025-07-28 23:19:43,394 basehttp 14932 123145584156672 "OPTIONS /api/auth HTTP/1.1" 200 0
WARNING 2025-07-28 23:19:43,419 basehttp 14932 123145600946176 "POST /api/auth HTTP/1.1" 404 26762
INFO 2025-07-28 23:20:08,125 basehttp 14932 123145584156672 "OPTIONS /api/auth/ HTTP/1.1" 200 0
WARNING 2025-07-28 23:20:08,130 basehttp 14932 123145600946176 "POST /api/auth/ HTTP/1.1" 400 32
INFO 2025-07-28 23:20:16,343 autoreload 17170 140704712654784 Watching for file changes with StatReloader
WARNING 2025-07-28 23:20:18,759 basehttp 17170 123145520865280 "POST /api/auth/ HTTP/1.1" 400 32
INFO 2025-07-28 23:21:43,427 autoreload 17170 140704712654784 /Users/shakhzodabidov/Projects/StreetBurgerMiniApp/backend/api/views.py changed, reloading.
INFO 2025-07-28 23:21:44,934 autoreload 18411 140704712654784 Watching for file changes with StatReloader
INFO 2025-07-28 23:22:39,883 autoreload 18411 140704712654784 /Users/shakhzodabidov/Projects/StreetBurgerMiniApp/backend/api/views.py changed, reloading.
INFO 2025-07-28 23:22:41,347 autoreload 19159 140704712654784 Watching for file changes with StatReloader
INFO 2025-07-28 23:23:13,766 autoreload 19159 140704712654784 /Users/shakhzodabidov/Projects/StreetBurgerMiniApp/backend/api/views.py changed, reloading.
INFO 2025-07-28 23:23:15,098 autoreload 19687 140704712654784 Watching for file changes with StatReloader
INFO 2025-07-28 23:23:31,067 autoreload 19687 140704712654784 /Users/shakhzodabidov/Projects/StreetBurgerMiniApp/backend/api/urls.py changed, reloading.
INFO 2025-07-28 23:23:32,329 autoreload 19850 140704712654784 Watching for file changes with StatReloader
INFO 2025-07-28 23:23:51,277 autoreload 19850 140704712654784 /Users/shakhzodabidov/Projects/StreetBurgerMiniApp/backend/api/views.py changed, reloading.
INFO 2025-07-28 23:23:52,652 autoreload 20134 140704712654784 Watching for file changes with StatReloader
INFO 2025-07-28 23:29:10,652 autoreload 20134 140704712654784 /Users/shakhzodabidov/Projects/StreetBurgerMiniApp/backend/api/views.py changed, reloading.
INFO 2025-07-28 23:29:12,097 autoreload 24472 140704712654784 Watching for file changes with StatReloader
INFO 2025-07-28 23:29:27,027 autoreload 24472 140704712654784 /Users/shakhzodabidov/Projects/StreetBurgerMiniApp/backend/api/urls.py changed, reloading.
INFO 2025-07-28 23:29:28,253 autoreload 24729 140704712654784 Watching for file changes with StatReloader
INFO 2025-07-28 23:33:44,217 autoreload 28194 140704712654784 Watching for file changes with StatReloader
WARNING 2025-07-28 23:34:35,954 basehttp 28194 123145366179840 "POST /api/auth/telegram/ HTTP/1.1" 404 27003
INFO 2025-07-28 23:39:14,978 basehttp 28194 123145382969344 "OPTIONS /api/auth/logout/ HTTP/1.1" 200 0
WARNING 2025-07-28 23:39:15,003 basehttp 28194 123145366179840 "POST /api/auth/logout/ HTTP/1.1" 404 26995
INFO 2025-07-28 23:44:49,492 autoreload 37874 140704712654784 Watching for file changes with StatReloader
INFO 2025-07-28 23:45:16,577 autoreload 37874 140704712654784 /Users/shakhzodabidov/Projects/StreetBurgerMiniApp/backend/config/settings.py changed, reloading.
INFO 2025-07-28 23:45:18,247 autoreload 38279 140704712654784 Watching for file changes with StatReloader
INFO 2025-07-28 23:45:21,922 autoreload 38279 140704712654784 /Users/shakhzodabidov/Projects/StreetBurgerMiniApp/backend/config/settings.py changed, reloading.
INFO 2025-07-28 23:45:22,794 autoreload 38403 140704712654784 Watching for file changes with StatReloader
INFO 2025-07-28 23:46:24,108 basehttp 38403 123145524158464 "POST /api/webhook/ HTTP/1.1" 200 15
INFO 2025-07-28 23:47:40,641 basehttp 38403 123145540947968 "POST /api/webhook/ HTTP/1.1" 200 15
INFO 2025-07-28 23:47:49,986 basehttp 38403 123145540947968 "POST /api/webhook/ HTTP/1.1" 200 15
INFO 2025-07-28 23:48:34,069 basehttp 38403 123145540947968 "POST /api/webhook/ HTTP/1.1" 200 15
INFO 2025-07-28 23:48:48,198 basehttp 38403 123145540947968 "POST /api/webhook/ HTTP/1.1" 200 15
INFO 2025-07-28 23:51:10,964 basehttp 38403 123145524158464 "POST /api/webhook/ HTTP/1.1" 200 15
INFO 2025-07-28 23:52:05,821 autoreload 38403 140704712654784 /Users/shakhzodabidov/Projects/StreetBurgerMiniApp/backend/api/views.py changed, reloading.
INFO 2025-07-28 23:52:07,026 autoreload 44667 140704712654784 Watching for file changes with StatReloader
ERROR 2025-07-28 23:52:08,615 basehttp 44667 123145460011008 "POST /api/webhook/ HTTP/1.1" 500 34
ERROR 2025-07-28 23:52:09,129 basehttp 44667 123145460011008 "POST /api/webhook/ HTTP/1.1" 500 34
ERROR 2025-07-28 23:52:11,642 basehttp 44667 123145460011008 "POST /api/webhook/ HTTP/1.1" 500 34
ERROR 2025-07-28 23:52:16,173 basehttp 44667 123145460011008 "POST /api/webhook/ HTTP/1.1" 500 34
INFO 2025-07-28 23:53:09,337 autoreload 45523 140704712654784 Watching for file changes with StatReloader
ERROR 2025-07-28 23:53:13,347 basehttp 45523 123145497407488 "POST /api/webhook/ HTTP/1.1" 500 34
ERROR 2025-07-28 23:54:17,845 basehttp 45523 123145514733568 "POST /api/webhook/ HTTP/1.1" 500 34
INFO 2025-07-28 23:59:49,612 autoreload 50949 140704712654784 Watching for file changes with StatReloader
INFO 2025-07-28 23:59:55,282 basehttp 50949 123145562578944 "POST /api/webhook/ HTTP/1.1" 200 15
INFO 2025-07-28 23:59:55,826 basehttp 50949 123145562578944 "POST /api/webhook/ HTTP/1.1" 200 15
INFO 2025-07-29 00:00:04,627 basehttp 50949 123145579905024 "GET / HTTP/1.1" 200 6254
INFO 2025-07-29 00:00:05,205 basehttp 50949 123145613484032 "GET /static/rest_framework/css/default.css HTTP/1.1" 200 1152
INFO 2025-07-29 00:00:05,205 basehttp 50949 123145579905024 "GET /static/rest_framework/css/bootstrap-tweaks.css HTTP/1.1" 200 3385
INFO 2025-07-29 00:00:05,206 basehttp 50949 123145596694528 "GET /static/rest_framework/css/prettify.css HTTP/1.1" 200 817
INFO 2025-07-29 00:00:05,207 basehttp 50949 123145630273536 "GET /static/rest_framework/css/bootstrap.min.css HTTP/1.1" 200 121457
INFO 2025-07-29 00:00:05,384 basehttp 50949 123145714221056 "GET /static/rest_framework/js/default.js HTTP/1.1" 200 1268
INFO 2025-07-29 00:00:05,385 basehttp 50949 123145663852544 "GET /static/rest_framework/js/csrf.js HTTP/1.1" 200 1719
INFO 2025-07-29 00:00:05,385 basehttp 50949 123145647063040 "GET /static/rest_framework/js/ajax-form.js HTTP/1.1" 200 3597
INFO 2025-07-29 00:00:05,386 basehttp 50949 123145680642048 "GET /static/rest_framework/js/prettify-min.js HTTP/1.1" 200 13632
INFO 2025-07-29 00:00:05,386 basehttp 50949 123145697431552 "GET /static/rest_framework/js/bootstrap.min.js HTTP/1.1" 200 39680
INFO 2025-07-29 00:00:05,387 basehttp 50949 123145731010560 "GET /static/rest_framework/js/jquery-3.5.1.min.js HTTP/1.1" 200 89476
INFO 2025-07-29 00:00:06,620 basehttp 50949 123145579905024 "GET /static/rest_framework/img/grid.png HTTP/1.1" 200 1458
INFO 2025-07-29 00:09:16,356 autoreload 50949 140704712654784 /Users/shakhzodabidov/Projects/StreetBurgerMiniApp/backend/api/views.py changed, reloading.
INFO 2025-07-29 00:09:18,048 autoreload 58794 140704712654784 Watching for file changes with StatReloader
INFO 2025-07-29 00:34:47,571 autoreload 82784 140704712654784 Watching for file changes with StatReloader
INFO 2025-07-29 00:37:00,133 autoreload 82784 140704712654784 /Users/shakhzodabidov/Projects/BabayBurgerMiniApp/backend/config/settings.py changed, reloading.
INFO 2025-07-29 00:37:01,289 autoreload 85598 140704712654784 Watching for file changes with StatReloader
INFO 2025-07-29 00:37:02,878 autoreload 85598 140704712654784 /Users/shakhzodabidov/Projects/BabayBurgerMiniApp/backend/config/settings.py changed, reloading.
INFO 2025-07-29 00:37:03,478 autoreload 85607 140704712654784 Watching for file changes with StatReloader
INFO 2025-07-29 00:37:07,953 autoreload 85607 140704712654784 /Users/shakhzodabidov/Projects/BabayBurgerMiniApp/backend/config/settings.py changed, reloading.
INFO 2025-07-29 00:37:08,735 autoreload 85733 140704712654784 Watching for file changes with StatReloader
INFO 2025-07-29 00:37:26,907 autoreload 85916 140704712654784 Watching for file changes with StatReloader
INFO 2025-07-29 00:38:58,273 basehttp 85916 123145477943296 "POST /api/webhook/ HTTP/1.1" 200 15
INFO 2025-07-29 00:42:50,334 basehttp 85916 123145495269376 "OPTIONS /api/auth/logout/ HTTP/1.1" 200 0
WARNING 2025-07-29 00:42:50,398 log 85916 123145477943296 Forbidden (CSRF cookie not set.): /api/auth/logout/
WARNING 2025-07-29 00:42:50,399 basehttp 85916 123145477943296 "POST /api/auth/logout/ HTTP/1.1" 403 3346
WARNING 2025-07-29 00:43:17,998 log 85916 123145477943296 Forbidden (CSRF cookie not set.): /api/auth/logout/
WARNING 2025-07-29 00:43:17,999 basehttp 85916 123145477943296 "POST /api/auth/logout/ HTTP/1.1" 403 3346
INFO 2025-07-29 00:56:28,786 basehttp 85916 123145495269376 "GET / HTTP/1.1" 200 415
INFO 2025-07-29 01:10:35,920 basehttp 85916 123145477943296 "OPTIONS /api/auth/telegram-widget/ HTTP/1.1" 200 0
WARNING 2025-07-29 01:10:35,984 basehttp 85916 123145495269376 "POST /api/auth/telegram-widget/ HTTP/1.1" 400 64
INFO 2025-07-29 01:12:00,544 basehttp 85916 123145512058880 "OPTIONS /api/auth/telegram-widget/ HTTP/1.1" 200 0
WARNING 2025-07-29 01:12:00,557 basehttp 85916 123145528848384 "POST /api/auth/telegram-widget/ HTTP/1.1" 400 64
WARNING 2025-07-29 01:12:02,222 basehttp 85916 123145528848384 "POST /api/auth/telegram-widget/ HTTP/1.1" 400 64
WARNING 2025-07-29 01:12:07,974 basehttp 85916 123145528848384 "POST /api/auth/telegram-widget/ HTTP/1.1" 400 64
WARNING 2025-07-29 01:16:29,247 basehttp 85916 123145528848384 "POST /api/auth/telegram-widget/ HTTP/1.1" 400 64
WARNING 2025-07-29 01:20:31,629 basehttp 85916 123145477943296 "POST /api/auth/telegram-widget/ HTTP/1.1" 400 64
INFO 2025-07-29 01:22:18,831 basehttp 85916 123145477943296 "HEAD /api/ HTTP/1.1" 200 0
INFO 2025-07-29 01:23:07,285 basehttp 85916 123145477943296 "GET / HTTP/1.1" 200 6254
INFO 2025-07-29 01:23:07,760 basehttp 85916 123145495269376 "GET /static/rest_framework/css/bootstrap-tweaks.css HTTP/1.1" 200 3385
INFO 2025-07-29 01:23:07,762 basehttp 85916 123145477943296 "GET /static/rest_framework/css/bootstrap.min.css HTTP/1.1" 200 121457
INFO 2025-07-29 01:23:07,947 basehttp 85916 123145545637888 "GET /static/rest_framework/js/ajax-form.js HTTP/1.1" 200 3597
INFO 2025-07-29 01:23:07,949 basehttp 85916 123145512058880 "GET /static/rest_framework/css/prettify.css HTTP/1.1" 200 817
INFO 2025-07-29 01:23:07,950 basehttp 85916 123145562427392 "GET /static/rest_framework/css/default.css HTTP/1.1" 200 1152
INFO 2025-07-29 01:23:07,953 basehttp 85916 123145596006400 "GET /static/rest_framework/js/prettify-min.js HTTP/1.1" 200 13632
INFO 2025-07-29 01:23:07,953 basehttp 85916 123145579216896 "GET /static/rest_framework/js/bootstrap.min.js HTTP/1.1" 200 39680
INFO 2025-07-29 01:23:07,953 basehttp 85916 123145612795904 "GET /static/rest_framework/js/csrf.js HTTP/1.1" 200 1719
INFO 2025-07-29 01:23:07,954 basehttp 85916 123145629585408 "GET /static/rest_framework/js/default.js HTTP/1.1" 200 1268
INFO 2025-07-29 01:23:07,954 basehttp 85916 123145528848384 "GET /static/rest_framework/js/jquery-3.5.1.min.js HTTP/1.1" 200 89476
INFO 2025-07-29 01:23:08,846 basehttp 85916 123145512058880 "GET /static/rest_framework/img/grid.png HTTP/1.1" 200 1458
WARNING 2025-07-29 01:23:09,347 basehttp 85916 123145528848384 "GET /favicon.ico HTTP/1.1" 404 19451
INFO 2025-07-29 01:23:31,820 basehttp 85916 123145528848384 "GET / HTTP/1.1" 200 6254
WARNING 2025-07-29 01:23:35,943 basehttp 85916 123145528848384 "GET /api HTTP/1.1" 404 19423
WARNING 2025-07-29 01:23:50,542 log 85916 123145477943296 Forbidden (CSRF cookie not set.): /api/auth/telegram/
WARNING 2025-07-29 01:23:50,544 basehttp 85916 123145477943296 "POST /api/auth/telegram/ HTTP/1.1" 403 3346
WARNING 2025-07-29 01:24:20,284 log 85916 123145512058880 Forbidden (CSRF cookie not set.): /api/auth/telegram/
WARNING 2025-07-29 01:24:20,285 basehttp 85916 123145512058880 "POST /api/auth/telegram/ HTTP/1.1" 403 3346
INFO 2025-07-29 01:24:26,393 basehttp 85916 123145545637888 "GET /api/ HTTP/1.1" 200 256
INFO 2025-07-29 01:24:29,931 basehttp 85916 123145545637888 "GET /api/auth/ HTTP/1.1" 200 73
WARNING 2025-07-29 01:24:48,462 basehttp 85916 123145495269376 "GET /api/csrf/ HTTP/1.1" 404 26965
WARNING 2025-07-29 01:25:27,301 basehttp 85916 123145495269376 "GET /api HTTP/1.1" 404 19423
INFO 2025-07-29 01:28:10,075 basehttp 85916 123145495269376 "OPTIONS /api/auth/telegram-widget/ HTTP/1.1" 200 0
WARNING 2025-07-29 01:28:10,919 basehttp 85916 123145528848384 "POST /api/auth/telegram-widget/ HTTP/1.1" 400 64
INFO 2025-07-29 01:28:16,640 basehttp 85916 123145545637888 "POST /api/webhook/ HTTP/1.1" 200 15
INFO 2025-07-29 01:28:20,313 basehttp 85916 123145562427392 "OPTIONS /api/auth/telegram/ HTTP/1.1" 200 0
WARNING 2025-07-29 01:28:20,928 log 85916 123145579216896 Forbidden (CSRF cookie not set.): /api/auth/telegram/
WARNING 2025-07-29 01:28:20,929 basehttp 85916 123145579216896 "POST /api/auth/telegram/ HTTP/1.1" 403 3346
WARNING 2025-07-29 01:28:25,424 log 85916 123145579216896 Forbidden (CSRF cookie not set.): /api/auth/telegram/
WARNING 2025-07-29 01:28:25,425 basehttp 85916 123145579216896 "POST /api/auth/telegram/ HTTP/1.1" 403 3346
WARNING 2025-07-29 01:28:27,769 log 85916 123145579216896 Forbidden (CSRF cookie not set.): /api/auth/telegram/
WARNING 2025-07-29 01:28:27,771 basehttp 85916 123145579216896 "POST /api/auth/telegram/ HTTP/1.1" 403 3346
INFO 2025-07-29 01:28:53,740 basehttp 85916 123145477943296 "OPTIONS /api/auth/telegram/ HTTP/1.1" 200 0
WARNING 2025-07-29 01:28:54,135 log 85916 123145477943296 Forbidden (CSRF cookie not set.): /api/auth/telegram/
WARNING 2025-07-29 01:28:54,136 basehttp 85916 123145477943296 "POST /api/auth/telegram/ HTTP/1.1" 403 3346
WARNING 2025-07-29 01:29:05,438 log 85916 123145477943296 Forbidden (CSRF cookie not set.): /api/auth/telegram/
WARNING 2025-07-29 01:29:05,439 basehttp 85916 123145477943296 "POST /api/auth/telegram/ HTTP/1.1" 403 3346
WARNING 2025-07-29 01:31:36,202 log 85916 123145495269376 Forbidden (CSRF cookie not set.): /api/auth/telegram/
WARNING 2025-07-29 01:31:36,202 basehttp 85916 123145495269376 "POST /api/auth/telegram/ HTTP/1.1" 403 3346
WARNING 2025-07-29 01:31:37,534 log 85916 123145495269376 Forbidden (CSRF cookie not set.): /api/auth/telegram/
WARNING 2025-07-29 01:31:37,535 basehttp 85916 123145495269376 "POST /api/auth/telegram/ HTTP/1.1" 403 3346
WARNING 2025-07-29 01:31:38,559 log 85916 123145495269376 Forbidden (CSRF cookie not set.): /api/auth/telegram/
WARNING 2025-07-29 01:31:38,561 basehttp 85916 123145495269376 "POST /api/auth/telegram/ HTTP/1.1" 403 3346
WARNING 2025-07-29 01:31:40,193 log 85916 123145495269376 Forbidden (CSRF cookie not set.): /api/auth/telegram/
WARNING 2025-07-29 01:31:40,196 basehttp 85916 123145495269376 "POST /api/auth/telegram/ HTTP/1.1" 403 3346
WARNING 2025-07-29 01:31:41,935 log 85916 123145495269376 Forbidden (CSRF cookie not set.): /api/auth/telegram/
WARNING 2025-07-29 01:31:41,936 basehttp 85916 123145495269376 "POST /api/auth/telegram/ HTTP/1.1" 403 3346
WARNING 2025-07-29 01:31:43,101 log 85916 123145495269376 Forbidden (CSRF cookie not set.): /api/auth/telegram/
WARNING 2025-07-29 01:31:43,102 basehttp 85916 123145495269376 "POST /api/auth/telegram/ HTTP/1.1" 403 3346
WARNING 2025-07-29 01:31:45,724 log 85916 123145495269376 Forbidden (CSRF cookie not set.): /api/auth/telegram/
WARNING 2025-07-29 01:31:45,725 basehttp 85916 123145495269376 "POST /api/auth/telegram/ HTTP/1.1" 403 3346
WARNING 2025-07-29 01:32:36,933 log 85916 123145477943296 Forbidden (CSRF cookie not set.): /api/auth/telegram/
WARNING 2025-07-29 01:32:36,934 basehttp 85916 123145477943296 "POST /api/auth/telegram/ HTTP/1.1" 403 3346
INFO 2025-07-29 01:39:52,095 basehttp 85916 123145528848384 "GET / HTTP/1.1" 200 415
INFO 2025-07-29 01:39:52,657 basehttp 85916 123145545637888 "OPTIONS /api/auth/validate/ HTTP/1.1" 200 0
INFO 2025-07-29 01:39:52,658 basehttp 85916 123145562427392 "GET / HTTP/1.1" 200 415
INFO 2025-07-29 01:40:52,086 basehttp 85916 123145545637888 "OPTIONS /api/auth/validate/ HTTP/1.1" 200 0
WARNING 2025-07-29 01:40:52,981 basehttp 85916 123145579216896 "POST /api/auth/telegram-widget/ HTTP/1.1" 400 64
WARNING 2025-07-29 01:40:55,829 basehttp 85916 123145579216896 "POST /api/auth/telegram-widget/ HTTP/1.1" 400 64
INFO 2025-07-29 01:41:01,561 basehttp 85916 123145545637888 "OPTIONS /api/auth/validate/ HTTP/1.1" 200 0
WARNING 2025-07-29 01:41:02,004 basehttp 85916 123145579216896 "POST /api/auth/telegram-widget/ HTTP/1.1" 400 64
INFO 2025-07-29 01:41:17,017 basehttp 85916 123145596006400 "OPTIONS /api/auth/telegram/ HTTP/1.1" 200 0
WARNING 2025-07-29 01:41:17,434 log 85916 123145596006400 Forbidden (CSRF cookie not set.): /api/auth/telegram/
WARNING 2025-07-29 01:41:17,435 basehttp 85916 123145596006400 "POST /api/auth/telegram/ HTTP/1.1" 403 3346
INFO 2025-07-29 01:41:25,161 basehttp 85916 123145477943296 "OPTIONS /api/auth/validate/ HTTP/1.1" 200 0
WARNING 2025-07-29 01:41:25,581 basehttp 85916 123145477943296 "POST /api/auth/telegram-widget/ HTTP/1.1" 400 64
INFO 2025-07-29 01:44:02,135 basehttp 85916 123145477943296 "POST /api/webhook/ HTTP/1.1" 200 15
INFO 2025-07-29 01:44:05,177 basehttp 85916 123145495269376 "OPTIONS /api/auth/validate/ HTTP/1.1" 200 0
WARNING 2025-07-29 01:44:06,097 basehttp 85916 123145512058880 "POST /api/auth/telegram-widget/ HTTP/1.1" 400 64
INFO 2025-07-29 01:44:10,602 basehttp 85916 123145528848384 "OPTIONS /api/auth/validate/ HTTP/1.1" 200 0
WARNING 2025-07-29 01:44:10,740 basehttp 85916 123145512058880 "POST /api/auth/telegram-widget/ HTTP/1.1" 400 64
INFO 2025-07-29 01:44:21,833 basehttp 85916 123145477943296 "POST /api/webhook/ HTTP/1.1" 200 15
INFO 2025-07-29 01:44:25,434 basehttp 85916 123145545637888 "OPTIONS /api/auth/validate/ HTTP/1.1" 200 0
WARNING 2025-07-29 01:44:25,746 basehttp 85916 123145545637888 "POST /api/auth/telegram-widget/ HTTP/1.1" 400 64
INFO 2025-07-29 01:46:32,618 basehttp 85916 123145477943296 "POST /api/webhook/ HTTP/1.1" 200 15
INFO 2025-07-29 01:46:34,891 basehttp 85916 123145495269376 "OPTIONS /api/auth/validate/ HTTP/1.1" 200 0
WARNING 2025-07-29 01:46:35,506 basehttp 85916 123145512058880 "POST /api/auth/telegram-widget/ HTTP/1.1" 400 64
WARNING 2025-07-29 01:46:37,732 basehttp 85916 123145512058880 "POST /api/auth/telegram-widget/ HTTP/1.1" 400 64
INFO 2025-07-29 01:46:40,513 basehttp 85916 123145495269376 "OPTIONS /api/auth/validate/ HTTP/1.1" 200 0
WARNING 2025-07-29 01:46:40,855 basehttp 85916 123145512058880 "POST /api/auth/telegram-widget/ HTTP/1.1" 400 64
INFO 2025-07-29 01:49:00,502 basehttp 85916 123145477943296 "OPTIONS /api/auth/validate/ HTTP/1.1" 200 0
INFO 2025-07-29 01:49:00,851 basehttp 85916 123145477943296 "OPTIONS /api/auth/telegram-widget/ HTTP/1.1" 200 0
WARNING 2025-07-29 01:49:01,392 basehttp 85916 123145495269376 "POST /api/auth/telegram-widget/ HTTP/1.1" 400 64
WARNING 2025-07-29 01:49:01,702 basehttp 85916 123145495269376 "POST /api/auth/telegram-widget/ HTTP/1.1" 400 64
WARNING 2025-07-29 01:49:03,362 basehttp 85916 123145495269376 "POST /api/auth/telegram-widget/ HTTP/1.1" 400 64
WARNING 2025-07-29 01:49:03,673 basehttp 85916 123145495269376 "POST /api/auth/telegram-widget/ HTTP/1.1" 400 64
WARNING 2025-07-29 01:49:04,547 basehttp 85916 123145495269376 "POST /api/auth/telegram-widget/ HTTP/1.1" 400 64
WARNING 2025-07-29 01:49:04,899 basehttp 85916 123145495269376 "POST /api/auth/telegram-widget/ HTTP/1.1" 400 64
INFO 2025-07-29 01:49:13,238 basehttp 85916 123145477943296 "OPTIONS /api/auth/validate/ HTTP/1.1" 200 0
WARNING 2025-07-29 01:49:13,591 basehttp 85916 123145495269376 "POST /api/auth/telegram-widget/ HTTP/1.1" 400 64
WARNING 2025-07-29 01:49:13,901 basehttp 85916 123145495269376 "POST /api/auth/telegram-widget/ HTTP/1.1" 400 64
WARNING 2025-07-29 01:49:15,338 basehttp 85916 123145495269376 "POST /api/auth/telegram-widget/ HTTP/1.1" 400 64
WARNING 2025-07-29 01:49:15,647 basehttp 85916 123145495269376 "POST /api/auth/telegram-widget/ HTTP/1.1" 400 64
WARNING 2025-07-29 01:52:41,557 basehttp 85916 123145477943296 "POST /api/auth/telegram-widget/ HTTP/1.1" 400 64
INFO 2025-07-29 01:52:48,402 basehttp 85916 123145495269376 "OPTIONS /api/auth/validate/ HTTP/1.1" 200 0
WARNING 2025-07-29 01:52:53,860 basehttp 85916 123145495269376 "POST /api/auth/telegram-widget/ HTTP/1.1" 400 64
WARNING 2025-07-29 01:52:54,171 basehttp 85916 123145495269376 "POST /api/auth/telegram-widget/ HTTP/1.1" 400 64
WARNING 2025-07-29 01:52:59,166 basehttp 85916 123145495269376 "POST /api/auth/telegram-widget/ HTTP/1.1" 400 64
WARNING 2025-07-29 01:52:59,478 basehttp 85916 123145495269376 "POST /api/auth/telegram-widget/ HTTP/1.1" 400 64
INFO 2025-07-29 01:53:14,421 basehttp 85916 123145512058880 "OPTIONS /api/auth/validate/ HTTP/1.1" 200 0
INFO 2025-07-29 01:53:14,842 basehttp 85916 123145512058880 "OPTIONS /api/auth/telegram-widget/ HTTP/1.1" 200 0
WARNING 2025-07-29 01:53:15,243 basehttp 85916 123145512058880 "POST /api/auth/telegram-widget/ HTTP/1.1" 400 64
WARNING 2025-07-29 01:53:15,640 basehttp 85916 123145512058880 "POST /api/auth/telegram-widget/ HTTP/1.1" 400 64
INFO 2025-07-29 01:58:45,032 basehttp 85916 123145477943296 "OPTIONS /api/auth/validate/ HTTP/1.1" 200 0
INFO 2025-07-29 02:04:51,204 basehttp 85916 123145477943296 "OPTIONS /api/auth/validate/ HTTP/1.1" 200 0
INFO 2025-07-29 02:04:51,640 basehttp 85916 123145477943296 "OPTIONS /api/auth/telegram-widget/ HTTP/1.1" 200 0
WARNING 2025-07-29 02:04:52,340 basehttp 85916 123145495269376 "POST /api/auth/telegram-widget/ HTTP/1.1" 400 64
WARNING 2025-07-29 02:04:52,646 basehttp 85916 123145495269376 "POST /api/auth/telegram-widget/ HTTP/1.1" 400 64
WARNING 2025-07-29 02:04:55,706 basehttp 85916 123145495269376 "POST /api/auth/telegram-widget/ HTTP/1.1" 400 64
WARNING 2025-07-29 02:04:56,116 basehttp 85916 123145495269376 "POST /api/auth/telegram-widget/ HTTP/1.1" 400 64
INFO 2025-07-29 02:05:00,238 basehttp 85916 123145477943296 "OPTIONS /api/auth/validate/ HTTP/1.1" 200 0
WARNING 2025-07-29 02:05:00,826 basehttp 85916 123145495269376 "POST /api/auth/telegram-widget/ HTTP/1.1" 400 64
WARNING 2025-07-29 02:05:01,181 basehttp 85916 123145495269376 "POST /api/auth/telegram-widget/ HTTP/1.1" 400 64
INFO 2025-07-29 02:05:07,742 basehttp 85916 123145512058880 "POST /api/webhook/ HTTP/1.1" 200 15
INFO 2025-07-29 02:05:09,838 basehttp 85916 123145477943296 "OPTIONS /api/auth/validate/ HTTP/1.1" 200 0
WARNING 2025-07-29 02:05:10,267 basehttp 85916 123145495269376 "POST /api/auth/telegram-widget/ HTTP/1.1" 400 64
WARNING 2025-07-29 02:05:10,573 basehttp 85916 123145495269376 "POST /api/auth/telegram-widget/ HTTP/1.1" 400 64
WARNING 2025-07-29 02:06:22,550 basehttp 85916 123145528848384 "POST /api/auth/telegram-widget/ HTTP/1.1" 400 64
WARNING 2025-07-29 02:06:22,955 basehttp 85916 123145528848384 "POST /api/auth/telegram-widget/ HTTP/1.1" 400 64
INFO 2025-07-29 02:06:50,168 basehttp 85916 123145477943296 "OPTIONS /api/auth/validate/ HTTP/1.1" 200 0
INFO 2025-07-29 02:06:50,570 basehttp 85916 123145477943296 "OPTIONS /api/auth/telegram-widget/ HTTP/1.1" 200 0
WARNING 2025-07-29 02:06:50,965 basehttp 85916 123145477943296 "POST /api/auth/telegram-widget/ HTTP/1.1" 400 64
WARNING 2025-07-29 02:06:51,363 basehttp 85916 123145477943296 "POST /api/auth/telegram-widget/ HTTP/1.1" 400 64
INFO 2025-07-29 02:07:05,599 basehttp 85916 123145495269376 "OPTIONS /api/auth/validate/ HTTP/1.1" 200 0
WARNING 2025-07-29 02:07:26,249 basehttp 85916 123145477943296 "POST /api/auth/telegram-widget/ HTTP/1.1" 400 64
WARNING 2025-07-29 02:07:26,650 basehttp 85916 123145477943296 "POST /api/auth/telegram-widget/ HTTP/1.1" 400 64
INFO 2025-08-07 11:10:46,314 autoreload 1854 140704590802880 Watching for file changes with StatReloader
INFO 2025-08-07 11:11:06,614 basehttp 1854 123145512415232 "GET / HTTP/1.1" 200 324
INFO 2025-08-07 11:11:06,638 basehttp 1854 123145529204736 "GET /admin/ HTTP/1.1" 302 0
INFO 2025-08-07 11:11:06,671 basehttp 1854 123145529204736 "GET /admin/login/?next=/admin/ HTTP/1.1" 200 4230
INFO 2025-08-07 11:11:06,712 basehttp 1854 123145512415232 "GET /api/menu/ HTTP/1.1" 200 455
INFO 2025-08-07 14:46:53,600 autoreload 1854 140704590802880 /Users/shakhzodabidov/Projects/BabayBurgerMiniApp/backend/api/migrations/0001_initial.py changed, reloading.
INFO 2025-08-07 14:46:54,353 autoreload 20606 140704590802880 Watching for file changes with StatReloader
INFO 2025-08-07 14:48:51,911 autoreload 20606 140704590802880 /Users/shakhzodabidov/Projects/BabayBurgerMiniApp/backend/app_operator/models.py changed, reloading.
INFO 2025-08-07 14:48:53,310 autoreload 22178 140704590802880 Watching for file changes with StatReloader
INFO 2025-08-07 14:57:37,074 autoreload 22178 140704590802880 /Users/shakhzodabidov/Projects/BabayBurgerMiniApp/backend/api/models.py changed, reloading.
INFO 2025-08-07 14:57:38,378 autoreload 29404 140704590802880 Watching for file changes with StatReloader
INFO 2025-08-07 14:57:45,018 autoreload 29404 140704590802880 /Users/shakhzodabidov/Projects/BabayBurgerMiniApp/backend/api/models.py changed, reloading.
INFO 2025-08-07 14:57:45,811 autoreload 29547 140704590802880 Watching for file changes with StatReloader
INFO 2025-08-07 14:57:57,583 autoreload 29547 140704590802880 /Users/shakhzodabidov/Projects/BabayBurgerMiniApp/backend/api/views.py changed, reloading.
INFO 2025-08-07 14:57:58,177 autoreload 29696 140704590802880 Watching for file changes with StatReloader
INFO 2025-08-07 14:58:09,887 autoreload 29696 140704590802880 /Users/shakhzodabidov/Projects/BabayBurgerMiniApp/backend/api/views.py changed, reloading.
INFO 2025-08-07 14:58:11,159 autoreload 29974 140704590802880 Watching for file changes with StatReloader
INFO 2025-08-07 14:58:22,961 autoreload 29974 140704590802880 /Users/shakhzodabidov/Projects/BabayBurgerMiniApp/backend/api/views.py changed, reloading.
INFO 2025-08-07 14:58:24,016 autoreload 30130 140704590802880 Watching for file changes with StatReloader
INFO 2025-08-07 14:58:30,548 autoreload 30130 140704590802880 /Users/shakhzodabidov/Projects/BabayBurgerMiniApp/backend/api/views.py changed, reloading.
INFO 2025-08-07 14:58:31,181 autoreload 30274 140704590802880 Watching for file changes with StatReloader
INFO 2025-08-07 14:58:42,881 autoreload 30274 140704590802880 /Users/shakhzodabidov/Projects/BabayBurgerMiniApp/backend/api/views.py changed, reloading.
INFO 2025-08-07 14:58:44,038 autoreload 30421 140704590802880 Watching for file changes with StatReloader
INFO 2025-08-07 14:58:51,647 autoreload 30421 140704590802880 /Users/shakhzodabidov/Projects/BabayBurgerMiniApp/backend/api/views.py changed, reloading.
INFO 2025-08-07 14:58:52,695 autoreload 30566 140704590802880 Watching for file changes with StatReloader
INFO 2025-08-07 14:59:05,495 autoreload 30566 140704590802880 /Users/shakhzodabidov/Projects/BabayBurgerMiniApp/backend/api/views.py changed, reloading.
INFO 2025-08-07 14:59:06,825 autoreload 30732 140704590802880 Watching for file changes with StatReloader
INFO 2025-08-07 14:59:23,667 autoreload 30732 140704590802880 /Users/shakhzodabidov/Projects/BabayBurgerMiniApp/backend/api/views.py changed, reloading.
INFO 2025-08-07 14:59:24,934 autoreload 31014 140704590802880 Watching for file changes with StatReloader
INFO 2025-08-07 14:59:37,720 autoreload 31014 140704590802880 /Users/shakhzodabidov/Projects/BabayBurgerMiniApp/backend/api/views.py changed, reloading.
INFO 2025-08-07 14:59:38,563 autoreload 31180 140704590802880 Watching for file changes with StatReloader
INFO 2025-08-07 14:59:47,132 autoreload 31180 140704590802880 /Users/shakhzodabidov/Projects/BabayBurgerMiniApp/backend/api/views.py changed, reloading.
INFO 2025-08-07 14:59:48,173 autoreload 31328 140704590802880 Watching for file changes with StatReloader
INFO 2025-08-07 14:59:58,917 autoreload 31328 140704590802880 /Users/shakhzodabidov/Projects/BabayBurgerMiniApp/backend/api/views.py changed, reloading.
INFO 2025-08-07 14:59:59,680 autoreload 31478 140704590802880 Watching for file changes with StatReloader
INFO 2025-08-07 15:00:18,604 autoreload 31478 140704590802880 /Users/shakhzodabidov/Projects/BabayBurgerMiniApp/backend/api/views.py changed, reloading.
INFO 2025-08-07 15:00:19,811 autoreload 31770 140704590802880 Watching for file changes with StatReloader
INFO 2025-08-07 15:00:32,776 autoreload 31770 140704590802880 /Users/shakhzodabidov/Projects/BabayBurgerMiniApp/backend/api/models.py changed, reloading.
INFO 2025-08-07 15:00:35,482 autoreload 31923 140704590802880 Watching for file changes with StatReloader
INFO 2025-08-07 15:00:42,306 autoreload 31923 140704590802880 /Users/shakhzodabidov/Projects/BabayBurgerMiniApp/backend/api/serializers.py changed, reloading.
INFO 2025-08-07 15:00:43,887 autoreload 32072 140704590802880 Watching for file changes with StatReloader
INFO 2025-08-07 15:00:50,986 autoreload 32072 140704590802880 /Users/shakhzodabidov/Projects/BabayBurgerMiniApp/backend/api/serializers.py changed, reloading.
INFO 2025-08-07 15:00:52,093 autoreload 32225 140704590802880 Watching for file changes with StatReloader
INFO 2025-08-07 15:01:44,175 autoreload 32225 140704590802880 /Users/shakhzodabidov/Projects/BabayBurgerMiniApp/backend/api/models.py changed, reloading.
INFO 2025-08-07 15:01:46,231 autoreload 32944 140704590802880 Watching for file changes with StatReloader
INFO 2025-08-07 15:22:58,269 autoreload 32944 140704590802880 /Users/shakhzodabidov/Projects/BabayBurgerMiniApp/backend/app_operator/signals.py changed, reloading.
INFO 2025-08-07 15:22:59,279 autoreload 37985 140704590802880 Watching for file changes with StatReloader
INFO 2025-08-07 15:41:53,510 autoreload 54957 140704590802880 Watching for file changes with StatReloader
INFO 2025-08-07 15:42:15,165 autoreload 55245 140704590802880 Watching for file changes with StatReloader
INFO 2025-08-07 15:42:41,259 autoreload 55693 140704590802880 Watching for file changes with StatReloader
INFO 2025-08-07 15:44:14,498 autoreload 56986 140704590802880 Watching for file changes with StatReloader
INFO 2025-08-07 15:46:18,810 autoreload 58675 140704590802880 Watching for file changes with StatReloader
INFO 2025-08-07 15:47:26,327 autoreload 59535 140704590802880 Watching for file changes with StatReloader
INFO 2025-08-07 15:49:26,422 autoreload 61230 140704590802880 Watching for file changes with StatReloader
INFO 2025-08-07 15:50:05,504 basehttp 61230 123145582186496 "GET /admin/ HTTP/1.1" 302 0
INFO 2025-08-07 15:50:05,547 basehttp 61230 123145582186496 "GET /admin/login/?next=/admin/ HTTP/1.1" 200 4230
ERROR 2025-08-07 15:50:08,769 basehttp 61230 123145582186496 "POST /api/webhook/ HTTP/1.1" 500 34
INFO 2025-08-07 15:51:54,191 basehttp 61230 123145582186496 "POST /api/webhook/ HTTP/1.1" 200 15
INFO 2025-08-07 15:52:00,881 basehttp 61230 123145582186496 "POST /api/webhook/ HTTP/1.1" 200 15
INFO 2025-08-07 15:53:10,300 basehttp 61230 123145616302080 "OPTIONS /api/auth/validate/ HTTP/1.1" 200 0
INFO 2025-08-07 15:53:10,300 basehttp 61230 123145633091584 "OPTIONS /api/auth/validate/ HTTP/1.1" 200 0
WARNING 2025-08-07 15:53:10,454 basehttp 61230 123145599512576 "GET /api/auth/validate/ HTTP/1.1" 404 27001
WARNING 2025-08-07 15:53:10,473 basehttp 61230 123145599512576 "GET /api/auth/validate/ HTTP/1.1" 404 27001
INFO 2025-08-07 15:53:15,424 basehttp 61230 123145633091584 "OPTIONS /api/auth/telegram-widget/ HTTP/1.1" 200 0
WARNING 2025-08-07 15:53:15,428 basehttp 61230 123145633091584 "POST /api/auth/telegram-widget/ HTTP/1.1" 400 64
WARNING 2025-08-07 15:53:15,437 basehttp 61230 123145633091584 "POST /api/auth/telegram-widget/ HTTP/1.1" 400 64
WARNING 2025-08-07 15:53:17,342 basehttp 61230 123145633091584 "POST /api/auth/telegram-widget/ HTTP/1.1" 400 64
WARNING 2025-08-07 15:53:17,352 basehttp 61230 123145633091584 "POST /api/auth/telegram-widget/ HTTP/1.1" 400 64
WARNING 2025-08-07 17:02:32,299 basehttp 61230 123145582186496 "GET /api/auth/validate/ HTTP/1.1" 404 27001
WARNING 2025-08-07 17:03:10,799 basehttp 61230 123145582186496 "GET /api/auth/validate/ HTTP/1.1" 404 27001
WARNING 2025-08-07 17:03:10,948 basehttp 61230 123145582186496 "GET /api/auth/validate/ HTTP/1.1" 404 27001
WARNING 2025-08-07 17:03:36,226 basehttp 61230 123145582186496 "GET /api/auth/validate/ HTTP/1.1" 404 27001
WARNING 2025-08-07 17:03:36,249 basehttp 61230 123145599512576 "GET /api/auth/validate/ HTTP/1.1" 404 27001
WARNING 2025-08-07 17:04:13,314 basehttp 61230 123145599512576 "GET /api/auth/validate/ HTTP/1.1" 404 27001
WARNING 2025-08-07 17:04:13,502 basehttp 61230 123145582186496 "GET /api/auth/validate/ HTTP/1.1" 404 27001
WARNING 2025-08-07 17:04:16,236 basehttp 61230 123145582186496 "GET /api/auth/validate/ HTTP/1.1" 404 27001
WARNING 2025-08-07 17:04:16,264 basehttp 61230 123145599512576 "GET /api/auth/validate/ HTTP/1.1" 404 27001
WARNING 2025-08-07 17:04:19,638 basehttp 61230 123145599512576 "GET /api/auth/validate/ HTTP/1.1" 404 27001
WARNING 2025-08-07 17:04:19,658 basehttp 61230 123145582186496 "GET /api/auth/validate/ HTTP/1.1" 404 27001
WARNING 2025-08-07 17:04:23,990 basehttp 61230 123145582186496 "GET /api/auth/validate/ HTTP/1.1" 404 27001
WARNING 2025-08-07 17:04:24,058 basehttp 61230 123145599512576 "GET /api/auth/validate/ HTTP/1.1" 404 27001
WARNING 2025-08-07 17:04:33,107 basehttp 61230 123145599512576 "GET /api/auth/validate/ HTTP/1.1" 404 27001
WARNING 2025-08-07 17:05:08,122 basehttp 61230 123145599512576 "GET /api/auth/validate/ HTTP/1.1" 404 27001
WARNING 2025-08-07 17:06:55,768 basehttp 61230 123145599512576 "GET /api/auth/validate/ HTTP/1.1" 404 27001
WARNING 2025-08-07 17:06:55,954 basehttp 61230 123145582186496 "GET /api/auth/validate/ HTTP/1.1" 404 27001
WARNING 2025-08-07 17:07:01,182 basehttp 61230 123145582186496 "GET /api/auth/validate/ HTTP/1.1" 404 27001
WARNING 2025-08-07 17:07:01,208 basehttp 61230 123145599512576 "GET /api/auth/validate/ HTTP/1.1" 404 27001
WARNING 2025-08-07 17:08:55,182 basehttp 61230 123145599512576 "GET /api/auth/validate/ HTTP/1.1" 404 27001
WARNING 2025-08-07 17:15:32,821 basehttp 61230 123145582186496 "GET /api/auth/validate/ HTTP/1.1" 404 27001
WARNING 2025-08-07 17:15:32,851 basehttp 61230 123145599512576 "GET /api/auth/validate/ HTTP/1.1" 404 27001
INFO 2025-08-07 17:16:59,096 basehttp 61230 123145616302080 "OPTIONS /api/auth/logout/ HTTP/1.1" 200 0
WARNING 2025-08-07 17:16:59,112 basehttp 61230 123145599512576 "POST /api/auth/logout/ HTTP/1.1" 404 26994
WARNING 2025-08-07 17:17:22,631 basehttp 61230 123145599512576 "POST /api/auth/logout/ HTTP/1.1" 404 26994
WARNING 2025-08-07 17:17:26,998 basehttp 61230 123145599512576 "POST /api/auth/logout/ HTTP/1.1" 404 26994
WARNING 2025-08-07 17:18:21,344 basehttp 61230 123145599512576 "POST /api/auth/logout/ HTTP/1.1" 404 26994
WARNING 2025-08-07 17:18:47,694 basehttp 61230 123145599512576 "POST /api/auth/logout/ HTTP/1.1" 404 26994
WARNING 2025-08-07 17:18:50,084 basehttp 61230 123145599512576 "GET /api/auth/validate/ HTTP/1.1" 404 27001
WARNING 2025-08-07 17:18:50,110 basehttp 61230 123145582186496 "GET /api/auth/validate/ HTTP/1.1" 404 27001
WARNING 2025-08-07 17:21:17,089 basehttp 61230 123145582186496 "GET /api/auth/validate/ HTTP/1.1" 404 27001
INFO 2025-08-07 17:24:14,043 basehttp 61230 123145599512576 "OPTIONS /api/operator/validate/ HTTP/1.1" 200 0
INFO 2025-08-07 17:24:14,047 basehttp 61230 123145616302080 "OPTIONS /api/operator/validate/ HTTP/1.1" 200 0
WARNING 2025-08-07 17:24:14,066 basehttp 61230 123145582186496 "GET /api/operator/validate/ HTTP/1.1" 404 44702
WARNING 2025-08-07 17:24:14,149 basehttp 61230 123145633091584 "GET /api/operator/validate/ HTTP/1.1" 404 44702
WARNING 2025-08-07 17:24:56,624 basehttp 61230 123145633091584 "POST /api/auth/logout/ HTTP/1.1" 404 26994
WARNING 2025-08-07 17:25:01,181 basehttp 61230 123145582186496 "GET /api/auth/validate/ HTTP/1.1" 404 27001
WARNING 2025-08-07 17:25:01,227 basehttp 61230 123145633091584 "GET /api/operator/validate/ HTTP/1.1" 404 44702
WARNING 2025-08-07 17:25:01,227 basehttp 61230 123145582186496 "GET /api/auth/validate/ HTTP/1.1" 404 27001
WARNING 2025-08-07 17:25:01,244 basehttp 61230 123145649881088 "GET /api/operator/validate/ HTTP/1.1" 404 44702
INFO 2025-08-07 17:30:19,046 autoreload 10155 140704590802880 Watching for file changes with StatReloader
INFO 2025-08-07 17:30:27,438 basehttp 10155 123145454874624 "GET /admin/ HTTP/1.1" 302 0
INFO 2025-08-07 17:30:27,488 basehttp 10155 123145454874624 "GET /admin/login/?next=/admin/ HTTP/1.1" 200 4230
INFO 2025-08-07 17:30:27,574 basehttp 10155 123145488453632 "GET /static/admin/css/dark_mode.css HTTP/1.1" 200 2929
INFO 2025-08-07 17:30:27,576 basehttp 10155 123145505243136 "GET /static/admin/css/nav_sidebar.css HTTP/1.1" 200 2694
INFO 2025-08-07 17:30:27,578 basehttp 10155 123145522032640 "GET /static/admin/css/login.css HTTP/1.1" 200 958
INFO 2025-08-07 17:30:27,578 basehttp 10155 123145454874624 "GET /static/admin/css/base.css HTTP/1.1" 200 21207
INFO 2025-08-07 17:30:27,579 basehttp 10155 123145471664128 "GET /static/admin/css/responsive.css HTTP/1.1" 200 18533
INFO 2025-08-07 17:30:29,847 basehttp 10155 123145454874624 "GET /static/admin/js/nav_sidebar.js HTTP/1.1" 200 3063
INFO 2025-08-07 17:30:29,848 basehttp 10155 123145471664128 "GET /static/admin/js/theme.js HTTP/1.1" 200 1943
WARNING 2025-08-07 17:30:30,105 basehttp 10155 123145471664128 "GET /favicon.ico HTTP/1.1" 404 19438
INFO 2025-08-07 17:30:33,988 basehttp 10155 123145471664128 "POST /admin/login/?next=/admin/ HTTP/1.1" 302 0
INFO 2025-08-07 17:30:34,015 basehttp 10155 123145471664128 "GET /admin/ HTTP/1.1" 200 13537
INFO 2025-08-07 17:30:34,107 basehttp 10155 123145471664128 "GET /static/admin/css/dashboard.css HTTP/1.1" 200 441
INFO 2025-08-07 17:30:35,118 basehttp 10155 123145471664128 "GET /static/admin/img/icon-addlink.svg HTTP/1.1" 200 331
INFO 2025-08-07 17:30:35,118 basehttp 10155 123145454874624 "GET /static/admin/img/icon-changelink.svg HTTP/1.1" 200 380
INFO 2025-08-07 17:30:41,428 basehttp 10155 123145471664128 "GET /admin/app_operator/operator/ HTTP/1.1" 200 19340
INFO 2025-08-07 17:30:41,497 basehttp 10155 123145505243136 "GET /static/admin/js/actions.js HTTP/1.1" 200 7872
INFO 2025-08-07 17:30:41,497 basehttp 10155 123145488453632 "GET /static/admin/js/core.js HTTP/1.1" 200 5682
INFO 2025-08-07 17:30:41,497 basehttp 10155 123145538822144 "GET /static/admin/css/changelists.css HTTP/1.1" 200 6566
INFO 2025-08-07 17:30:41,506 basehttp 10155 123145471664128 "GET /admin/jsi18n/ HTTP/1.1" 200 16066
INFO 2025-08-07 17:30:41,511 basehttp 10155 123145538822144 "GET /static/admin/js/jquery.init.js HTTP/1.1" 200 347
INFO 2025-08-07 17:30:41,512 basehttp 10155 123145505243136 "GET /static/admin/js/admin/RelatedObjectLookups.js HTTP/1.1" 200 8943
INFO 2025-08-07 17:30:41,514 basehttp 10155 123145488453632 "GET /static/admin/js/prepopulate.js HTTP/1.1" 200 1531
INFO 2025-08-07 17:30:41,519 basehttp 10155 123145505243136 "GET /static/admin/img/search.svg HTTP/1.1" 200 458
INFO 2025-08-07 17:30:41,519 basehttp 10155 123145538822144 "GET /static/admin/img/icon-yes.svg HTTP/1.1" 200 436
INFO 2025-08-07 17:30:41,521 basehttp 10155 123145471664128 "GET /static/admin/js/urlify.js HTTP/1.1" 200 7887
INFO 2025-08-07 17:30:41,525 basehttp 10155 123145522032640 "GET /static/admin/js/vendor/xregexp/xregexp.js HTTP/1.1" 200 232381
INFO 2025-08-07 17:30:41,526 basehttp 10155 123145454874624 "GET /static/admin/js/vendor/jquery/jquery.js HTTP/1.1" 200 292458
INFO 2025-08-07 17:30:42,314 basehttp 10155 123145522032640 "GET /static/admin/js/filters.js HTTP/1.1" 200 978
INFO 2025-08-07 17:30:42,323 basehttp 10155 123145522032640 "GET /static/admin/img/tooltag-add.svg HTTP/1.1" 200 331
INFO 2025-08-07 17:30:42,324 basehttp 10155 123145454874624 "GET /static/admin/img/sorting-icons.svg HTTP/1.1" 200 1097
INFO 2025-08-07 17:30:47,020 basehttp 10155 123145454874624 "GET /admin/app_operator/operator/1/change/ HTTP/1.1" 200 37434
INFO 2025-08-07 17:30:47,070 basehttp 10155 123145522032640 "GET /static/admin/js/calendar.js HTTP/1.1" 200 8466
INFO 2025-08-07 17:30:47,072 basehttp 10155 123145505243136 "GET /static/admin/js/SelectBox.js HTTP/1.1" 200 4530
INFO 2025-08-07 17:30:47,073 basehttp 10155 123145471664128 "GET /static/admin/js/admin/DateTimeShortcuts.js HTTP/1.1" 200 19319
INFO 2025-08-07 17:30:47,075 basehttp 10155 123145488453632 "GET /static/admin/css/forms.css HTTP/1.1" 200 9047
INFO 2025-08-07 17:30:47,077 basehttp 10155 123145538822144 "GET /static/admin/js/SelectFilter2.js HTTP/1.1" 200 15292
INFO 2025-08-07 17:30:47,078 basehttp 10155 123145505243136 "GET /static/admin/js/prepopulate_init.js HTTP/1.1" 200 586
INFO 2025-08-07 17:30:47,085 basehttp 10155 123145454874624 "GET /admin/jsi18n/ HTTP/1.1" 200 16066
INFO 2025-08-07 17:30:47,805 basehttp 10155 123145505243136 "GET /static/admin/css/widgets.css HTTP/1.1" 200 11900
INFO 2025-08-07 17:30:47,807 basehttp 10155 123145454874624 "GET /static/admin/js/change_form.js HTTP/1.1" 200 606
INFO 2025-08-07 17:30:47,881 basehttp 10155 123145454874624 "GET /static/admin/img/icon-unknown-alt.svg HTTP/1.1" 200 655
INFO 2025-08-07 17:30:47,882 basehttp 10155 123145505243136 "GET /static/admin/img/selector-icons.svg HTTP/1.1" 200 3291
INFO 2025-08-07 17:30:47,888 basehttp 10155 123145471664128 "GET /static/admin/img/icon-calendar.svg HTTP/1.1" 200 1086
INFO 2025-08-07 17:30:47,889 basehttp 10155 123145538822144 "GET /static/admin/img/icon-clock.svg HTTP/1.1" 200 677
INFO 2025-08-07 17:30:47,889 basehttp 10155 123145488453632 "GET /static/admin/img/icon-unknown.svg HTTP/1.1" 200 655
INFO 2025-08-07 17:30:50,690 basehttp 10155 123145488453632 "GET /admin/app_operator/operator/ HTTP/1.1" 200 19340
INFO 2025-08-07 17:31:33,213 autoreload 10155 140704590802880 /Users/shakhzodabidov/Projects/BabayBurgerMiniApp/backend/app_operator/migrations/0003_alter_operator_phone.py changed, reloading.
INFO 2025-08-07 17:31:34,307 autoreload 11290 140704590802880 Watching for file changes with StatReloader
INFO 2025-08-07 17:33:48,327 autoreload 11290 140704590802880 /Users/shakhzodabidov/Projects/BabayBurgerMiniApp/backend/app_operator/models.py changed, reloading.
INFO 2025-08-07 17:33:49,352 autoreload 13139 140704590802880 Watching for file changes with StatReloader
WARNING 2025-08-07 17:34:22,309 basehttp 13139 123145396510720 "GET /api/operator/validate/ HTTP/1.1" 404 44702
WARNING 2025-08-07 17:34:22,316 basehttp 13139 123145413300224 "GET /api/auth/validate/ HTTP/1.1" 404 27001
WARNING 2025-08-07 17:34:22,392 basehttp 13139 123145396510720 "GET /api/operator/validate/ HTTP/1.1" 404 44702
WARNING 2025-08-07 17:34:22,399 basehttp 13139 123145430089728 "GET /api/auth/validate/ HTTP/1.1" 404 27001
WARNING 2025-08-07 17:35:36,695 basehttp 13139 123145430089728 "GET /api/auth/validate/ HTTP/1.1" 404 27001
WARNING 2025-08-07 17:35:36,696 basehttp 13139 123145396510720 "GET /api/operator/validate/ HTTP/1.1" 404 44702
WARNING 2025-08-07 17:35:36,726 basehttp 13139 123145413300224 "GET /api/auth/validate/ HTTP/1.1" 404 27001
WARNING 2025-08-07 17:35:36,727 basehttp 13139 123145446879232 "GET /api/operator/validate/ HTTP/1.1" 404 44702
WARNING 2025-08-07 17:35:41,541 basehttp 13139 123145446879232 "GET /api/operator/validate/ HTTP/1.1" 404 44702
WARNING 2025-08-07 17:35:41,554 basehttp 13139 123145413300224 "GET /api/auth/validate/ HTTP/1.1" 404 27001
WARNING 2025-08-07 17:35:41,588 basehttp 13139 123145396510720 "GET /api/operator/validate/ HTTP/1.1" 404 44702
WARNING 2025-08-07 17:35:41,588 basehttp 13139 123145446879232 "GET /api/auth/validate/ HTTP/1.1" 404 27001
WARNING 2025-08-07 17:35:51,054 basehttp 13139 123145446879232 "POST /api/auth/logout/ HTTP/1.1" 404 26994
WARNING 2025-08-07 17:35:54,807 basehttp 13139 123145396510720 "GET /api/auth/validate/ HTTP/1.1" 404 27001
WARNING 2025-08-07 17:35:54,817 basehttp 13139 123145446879232 "GET /api/operator/validate/ HTTP/1.1" 404 44702
WARNING 2025-08-07 17:35:54,857 basehttp 13139 123145413300224 "GET /api/auth/validate/ HTTP/1.1" 404 27001
WARNING 2025-08-07 17:35:54,870 basehttp 13139 123145396510720 "GET /api/operator/validate/ HTTP/1.1" 404 44702
WARNING 2025-08-07 17:35:59,676 basehttp 13139 123145396510720 "POST /api/auth/logout/ HTTP/1.1" 404 26994
WARNING 2025-08-07 17:36:02,254 basehttp 13139 123145396510720 "GET /api/operator/validate/ HTTP/1.1" 404 44702
WARNING 2025-08-07 17:36:02,272 basehttp 13139 123145413300224 "GET /api/auth/validate/ HTTP/1.1" 404 27001
WARNING 2025-08-07 17:36:02,288 basehttp 13139 123145446879232 "GET /api/operator/validate/ HTTP/1.1" 404 44702
WARNING 2025-08-07 17:36:02,302 basehttp 13139 123145396510720 "GET /api/auth/validate/ HTTP/1.1" 404 27001
WARNING 2025-08-07 17:36:18,717 basehttp 13139 123145396510720 "GET /api/operator/validate/ HTTP/1.1" 404 44702
WARNING 2025-08-07 17:36:18,738 basehttp 13139 123145446879232 "GET /api/auth/validate/ HTTP/1.1" 404 27001
WARNING 2025-08-07 17:36:18,740 basehttp 13139 123145413300224 "GET /api/operator/validate/ HTTP/1.1" 404 44702
WARNING 2025-08-07 17:36:18,757 basehttp 13139 123145396510720 "GET /api/auth/validate/ HTTP/1.1" 404 27001
WARNING 2025-08-07 17:36:31,886 basehttp 13139 123145413300224 "GET /api/auth/validate/ HTTP/1.1" 404 27001
WARNING 2025-08-07 17:36:31,900 basehttp 13139 123145396510720 "GET /api/operator/validate/ HTTP/1.1" 404 44702
WARNING 2025-08-07 17:36:31,914 basehttp 13139 123145413300224 "GET /api/operator/validate/ HTTP/1.1" 404 44702
WARNING 2025-08-07 17:36:38,379 basehttp 13139 123145413300224 "GET /api/operator/validate/ HTTP/1.1" 404 44702
WARNING 2025-08-07 17:36:38,388 basehttp 13139 123145396510720 "GET /api/auth/validate/ HTTP/1.1" 404 27001
WARNING 2025-08-07 17:36:38,416 basehttp 13139 123145413300224 "GET /api/auth/validate/ HTTP/1.1" 404 27001
WARNING 2025-08-07 17:36:38,416 basehttp 13139 123145446879232 "GET /api/operator/validate/ HTTP/1.1" 404 44702
WARNING 2025-08-07 17:36:45,186 basehttp 13139 123145446879232 "POST /api/auth/logout/ HTTP/1.1" 404 26994
INFO 2025-08-07 17:37:02,211 basehttp 13139 123145463668736 "OPTIONS /api/operator/validate/ HTTP/1.1" 200 0
INFO 2025-08-07 17:37:02,211 basehttp 13139 123145480458240 "OPTIONS /api/auth/validate/ HTTP/1.1" 200 0
INFO 2025-08-07 17:37:02,211 basehttp 13139 123145497247744 "OPTIONS /api/operator/validate/ HTTP/1.1" 200 0
INFO 2025-08-07 17:37:02,213 basehttp 13139 123145514037248 "OPTIONS /api/auth/validate/ HTTP/1.1" 200 0
WARNING 2025-08-07 17:37:02,267 basehttp 13139 123145413300224 "GET /api/operator/validate/ HTTP/1.1" 404 44702
WARNING 2025-08-07 17:37:02,287 basehttp 13139 123145396510720 "GET /api/auth/validate/ HTTP/1.1" 404 27001
WARNING 2025-08-07 17:37:02,290 basehttp 13139 123145446879232 "GET /api/operator/validate/ HTTP/1.1" 404 44702
WARNING 2025-08-07 17:37:02,291 basehttp 13139 123145430089728 "GET /api/auth/validate/ HTTP/1.1" 404 27001
WARNING 2025-08-07 17:37:07,287 basehttp 13139 123145446879232 "GET /api/auth/validate/ HTTP/1.1" 404 27001
WARNING 2025-08-07 17:37:07,305 basehttp 13139 123145430089728 "GET /api/operator/validate/ HTTP/1.1" 404 44702
WARNING 2025-08-07 17:37:07,333 basehttp 13139 123145396510720 "GET /api/auth/validate/ HTTP/1.1" 404 27001
WARNING 2025-08-07 17:37:07,334 basehttp 13139 123145446879232 "GET /api/operator/validate/ HTTP/1.1" 404 44702
WARNING 2025-08-07 17:37:13,313 basehttp 13139 123145396510720 "GET /api/auth/validate/ HTTP/1.1" 404 27001
WARNING 2025-08-07 17:37:13,335 basehttp 13139 123145446879232 "GET /api/operator/validate/ HTTP/1.1" 404 44702
WARNING 2025-08-07 17:37:13,352 basehttp 13139 123145430089728 "GET /api/auth/validate/ HTTP/1.1" 404 27001
WARNING 2025-08-07 17:37:13,362 basehttp 13139 123145396510720 "GET /api/operator/validate/ HTTP/1.1" 404 44702
WARNING 2025-08-07 17:37:23,759 basehttp 13139 123145430089728 "GET /api/auth/validate/ HTTP/1.1" 404 27001
WARNING 2025-08-07 17:37:23,759 basehttp 13139 123145396510720 "GET /api/operator/validate/ HTTP/1.1" 404 44702
WARNING 2025-08-07 17:37:23,803 basehttp 13139 123145446879232 "GET /api/auth/validate/ HTTP/1.1" 404 27001
WARNING 2025-08-07 17:37:23,823 basehttp 13139 123145430089728 "GET /api/operator/validate/ HTTP/1.1" 404 44702
WARNING 2025-08-07 17:37:59,886 basehttp 13139 123145446879232 "GET /api/auth/validate/ HTTP/1.1" 404 27001
WARNING 2025-08-07 17:37:59,918 basehttp 13139 123145430089728 "GET /api/operator/validate/ HTTP/1.1" 404 44702
WARNING 2025-08-07 17:38:00,132 basehttp 13139 123145446879232 "GET /api/operator/validate/ HTTP/1.1" 404 44702
WARNING 2025-08-07 17:38:58,852 basehttp 13139 123145446879232 "GET /api/auth/validate/ HTTP/1.1" 404 27001
WARNING 2025-08-07 17:39:03,321 basehttp 13139 123145446879232 "GET /api/auth/validate/ HTTP/1.1" 404 27001
WARNING 2025-08-07 17:39:03,359 basehttp 13139 123145430089728 "GET /api/auth/validate/ HTTP/1.1" 404 27001
WARNING 2025-08-07 17:39:13,522 basehttp 13139 123145430089728 "GET /api/auth/validate/ HTTP/1.1" 404 27001
WARNING 2025-08-07 17:39:13,535 basehttp 13139 123145446879232 "GET /api/auth/validate/ HTTP/1.1" 404 27001
WARNING 2025-08-07 17:39:59,843 basehttp 13139 123145446879232 "GET /api/auth/validate/ HTTP/1.1" 404 27001
WARNING 2025-08-07 17:40:32,314 basehttp 13139 123145446879232 "GET /api/auth/validate/ HTTP/1.1" 404 27001
WARNING 2025-08-07 17:40:32,338 basehttp 13139 123145430089728 "GET /api/auth/validate/ HTTP/1.1" 404 27001
INFO 2025-08-07 17:40:37,097 basehttp 13139 123145497247744 "OPTIONS /api/auth/validate/ HTTP/1.1" 200 0
INFO 2025-08-07 17:40:37,099 basehttp 13139 123145514037248 "OPTIONS /api/auth/validate/ HTTP/1.1" 200 0
WARNING 2025-08-07 17:40:37,152 basehttp 13139 123145430089728 "GET /api/auth/validate/ HTTP/1.1" 404 27001
WARNING 2025-08-07 17:40:37,159 basehttp 13139 123145446879232 "GET /api/auth/validate/ HTTP/1.1" 404 27001
WARNING 2025-08-07 17:40:42,618 basehttp 13139 123145446879232 "GET /api/auth/validate/ HTTP/1.1" 404 27001
WARNING 2025-08-07 17:40:42,638 basehttp 13139 123145430089728 "GET /api/auth/validate/ HTTP/1.1" 404 27001
WARNING 2025-08-07 17:40:49,316 basehttp 13139 123145430089728 "POST /api/auth/logout/ HTTP/1.1" 404 26994
INFO 2025-08-07 17:40:51,531 basehttp 13139 123145514037248 "OPTIONS /api/auth/validate/ HTTP/1.1" 200 0
INFO 2025-08-07 17:40:51,531 basehttp 13139 123145497247744 "OPTIONS /api/auth/validate/ HTTP/1.1" 200 0
WARNING 2025-08-07 17:40:51,571 basehttp 13139 123145430089728 "GET /api/auth/validate/ HTTP/1.1" 404 27001
WARNING 2025-08-07 17:40:51,571 basehttp 13139 123145446879232 "GET /api/auth/validate/ HTTP/1.1" 404 27001
INFO 2025-08-07 17:41:04,144 basehttp 13139 123145497247744 "OPTIONS /api/auth/validate/ HTTP/1.1" 200 0
INFO 2025-08-07 17:41:04,145 basehttp 13139 123145514037248 "OPTIONS /api/auth/validate/ HTTP/1.1" 200 0
WARNING 2025-08-07 17:41:04,166 basehttp 13139 123145430089728 "GET /api/auth/validate/ HTTP/1.1" 404 27001
WARNING 2025-08-07 17:41:04,188 basehttp 13139 123145446879232 "GET /api/auth/validate/ HTTP/1.1" 404 27001
INFO 2025-08-07 17:41:12,271 basehttp 13139 123145514037248 "OPTIONS /api/auth/validate/ HTTP/1.1" 200 0
INFO 2025-08-07 17:41:12,289 basehttp 13139 123145497247744 "OPTIONS /api/auth/validate/ HTTP/1.1" 200 0
WARNING 2025-08-07 17:41:12,320 basehttp 13139 123145446879232 "GET /api/auth/validate/ HTTP/1.1" 404 27001
WARNING 2025-08-07 17:41:12,326 basehttp 13139 123145430089728 "GET /api/auth/validate/ HTTP/1.1" 404 27001
WARNING 2025-08-07 17:41:15,445 basehttp 13139 123145430089728 "POST /api/auth/logout/ HTTP/1.1" 404 26994
WARNING 2025-08-07 17:41:32,547 basehttp 13139 123145430089728 "POST /api/auth/logout/ HTTP/1.1" 404 26994
INFO 2025-08-07 17:41:35,521 basehttp 13139 123145396510720 "OPTIONS /api/auth/validate/ HTTP/1.1" 200 0
INFO 2025-08-07 17:41:35,544 basehttp 13139 123145413300224 "OPTIONS /api/auth/validate/ HTTP/1.1" 200 0
WARNING 2025-08-07 17:41:35,569 basehttp 13139 123145430089728 "GET /api/auth/validate/ HTTP/1.1" 404 27001
WARNING 2025-08-07 17:41:35,570 basehttp 13139 123145446879232 "GET /api/auth/validate/ HTTP/1.1" 404 27001
WARNING 2025-08-07 17:42:47,024 basehttp 13139 123145446879232 "POST /api/auth/logout/ HTTP/1.1" 404 26994
INFO 2025-08-07 17:43:16,045 basehttp 13139 123145446879232 - Broken pipe from ('127.0.0.1', 54934)
WARNING 2025-08-07 17:43:17,899 basehttp 13139 123145430089728 "GET /api/auth/validate/ HTTP/1.1" 404 27001
WARNING 2025-08-07 17:43:17,936 basehttp 13139 123145446879232 "GET /api/auth/validate/ HTTP/1.1" 404 27001
WARNING 2025-08-07 17:43:31,832 basehttp 13139 123145446879232 "GET /api/auth/validate/ HTTP/1.1" 404 27001
WARNING 2025-08-07 17:43:31,847 basehttp 13139 123145430089728 "GET /api/auth/validate/ HTTP/1.1" 404 27001
WARNING 2025-08-07 17:43:45,620 basehttp 13139 123145430089728 "GET /api/auth/validate/ HTTP/1.1" 404 27001
WARNING 2025-08-07 17:43:45,659 basehttp 13139 123145446879232 "GET /api/auth/validate/ HTTP/1.1" 404 27001
WARNING 2025-08-07 17:44:26,007 basehttp 13139 123145446879232 "GET /api/auth/validate/ HTTP/1.1" 404 27001
WARNING 2025-08-07 17:44:56,230 basehttp 13139 123145446879232 "GET /api/auth/validate/ HTTP/1.1" 404 27001
WARNING 2025-08-07 17:44:56,279 basehttp 13139 123145430089728 "GET /api/auth/validate/ HTTP/1.1" 404 27001
INFO 2025-08-07 17:45:00,241 basehttp 13139 123145413300224 "OPTIONS /api/auth/validate/ HTTP/1.1" 200 0
INFO 2025-08-07 17:45:00,241 basehttp 13139 123145396510720 "OPTIONS /api/auth/validate/ HTTP/1.1" 200 0
WARNING 2025-08-07 17:45:00,283 basehttp 13139 123145446879232 "GET /api/auth/validate/ HTTP/1.1" 404 27001
WARNING 2025-08-07 17:45:00,284 basehttp 13139 123145430089728 "GET /api/auth/validate/ HTTP/1.1" 404 27001
WARNING 2025-08-07 17:45:18,021 basehttp 13139 123145430089728 "POST /api/auth/logout/ HTTP/1.1" 404 26994
WARNING 2025-08-07 17:45:46,758 basehttp 13139 123145430089728 "POST /api/auth/logout/ HTTP/1.1" 404 26994
WARNING 2025-08-07 17:46:28,375 basehttp 13139 123145430089728 "GET /api/auth/validate/ HTTP/1.1" 404 27001
WARNING 2025-08-07 17:46:28,436 basehttp 13139 123145446879232 "GET /api/auth/validate/ HTTP/1.1" 404 27001
WARNING 2025-08-07 17:47:04,549 basehttp 13139 123145446879232 "GET /api/auth/validate/ HTTP/1.1" 404 27001
WARNING 2025-08-07 17:47:04,599 basehttp 13139 123145430089728 "GET /api/auth/validate/ HTTP/1.1" 404 27001
WARNING 2025-08-07 17:47:40,005 basehttp 13139 123145430089728 "GET /api/auth/validate/ HTTP/1.1" 404 27001
WARNING 2025-08-07 17:47:52,611 basehttp 13139 123145430089728 "GET /api/auth/validate/ HTTP/1.1" 404 27001
WARNING 2025-08-07 17:47:52,642 basehttp 13139 123145446879232 "GET /api/auth/validate/ HTTP/1.1" 404 27001
WARNING 2025-08-07 17:48:05,007 basehttp 13139 123145446879232 "GET /api/auth/validate/ HTTP/1.1" 404 27001
WARNING 2025-08-07 17:48:14,275 basehttp 13139 123145446879232 "GET /api/auth/validate/ HTTP/1.1" 404 27001
WARNING 2025-08-07 17:48:14,306 basehttp 13139 123145430089728 "GET /api/auth/validate/ HTTP/1.1" 404 27001
WARNING 2025-08-07 17:48:15,359 basehttp 13139 123145430089728 "GET /api/auth/validate/ HTTP/1.1" 404 27001
WARNING 2025-08-07 17:48:26,457 basehttp 13139 123145430089728 "GET /api/auth/validate/ HTTP/1.1" 404 27001
WARNING 2025-08-07 17:48:45,949 basehttp 13139 123145430089728 "POST /api/auth/logout/ HTTP/1.1" 404 26994
WARNING 2025-08-07 17:48:55,025 basehttp 13139 123145430089728 "GET /api/auth/validate/ HTTP/1.1" 404 27001
WARNING 2025-08-07 17:49:48,867 basehttp 13139 123145430089728 "GET /api/auth/validate/ HTTP/1.1" 404 27001
WARNING 2025-08-07 17:49:48,919 basehttp 13139 123145446879232 "GET /api/auth/validate/ HTTP/1.1" 404 27001
WARNING 2025-08-07 17:50:07,006 basehttp 13139 123145446879232 "GET /api/auth/validate/ HTTP/1.1" 404 27001
WARNING 2025-08-07 17:50:47,026 basehttp 13139 123145446879232 "GET /api/auth/validate/ HTTP/1.1" 404 27001
WARNING 2025-08-07 17:51:53,998 basehttp 13139 123145446879232 "GET /api/auth/validate/ HTTP/1.1" 404 27001
WARNING 2025-08-07 17:51:55,998 basehttp 13139 123145446879232 "GET /api/auth/validate/ HTTP/1.1" 404 27001
WARNING 2025-08-07 17:52:18,019 basehttp 13139 123145446879232 "GET /api/auth/validate/ HTTP/1.1" 404 27001
WARNING 2025-08-07 17:52:19,999 basehttp 13139 123145446879232 "GET /api/auth/validate/ HTTP/1.1" 404 27001
WARNING 2025-08-07 17:52:26,519 basehttp 13139 123145446879232 "GET /api/auth/validate/ HTTP/1.1" 404 27001
WARNING 2025-08-07 17:52:26,544 basehttp 13139 123145430089728 "GET /api/auth/validate/ HTTP/1.1" 404 27001
WARNING 2025-08-07 17:53:16,543 basehttp 13139 123145430089728 "GET /api/auth/validate/ HTTP/1.1" 404 27001
WARNING 2025-08-07 17:53:16,695 basehttp 13139 123145446879232 "GET /api/auth/validate/ HTTP/1.1" 404 27001
WARNING 2025-08-07 17:53:20,105 basehttp 13139 123145446879232 "POST /api/auth/logout/ HTTP/1.1" 404 26994
WARNING 2025-08-07 17:53:45,479 basehttp 13139 123145446879232 "GET /api/auth/validate/ HTTP/1.1" 404 27001
WARNING 2025-08-07 17:53:45,505 basehttp 13139 123145430089728 "GET /api/auth/validate/ HTTP/1.1" 404 27001
INFO 2025-08-07 17:57:01,135 autoreload 34663 140704590802880 Watching for file changes with StatReloader
INFO 2025-08-07 17:59:33,713 autoreload 34663 140704590802880 /Users/shakhzodabidov/Projects/BabayBurgerMiniApp/backend/config/settings.py changed, reloading.
INFO 2025-08-07 17:59:35,241 autoreload 36782 140704590802880 Watching for file changes with StatReloader
INFO 2025-08-07 17:59:39,558 autoreload 36913 140704590802880 Watching for file changes with StatReloader
INFO 2025-08-07 18:04:59,401 basehttp 36913 123145495781376 "GET / HTTP/1.1" 200 415
INFO 2025-08-07 18:04:59,444 basehttp 36913 123145529360384 "GET / HTTP/1.1" 200 415
INFO 2025-08-07 18:05:11,116 basehttp 36913 123145562939392 "OPTIONS /api/auth/telegram-widget/ HTTP/1.1" 200 0
WARNING 2025-08-07 18:05:11,336 basehttp 36913 123145562939392 "POST /api/auth/telegram-widget/ HTTP/1.1" 400 64
WARNING 2025-08-07 18:05:11,581 basehttp 36913 123145562939392 "POST /api/auth/telegram-widget/ HTTP/1.1" 400 64
INFO 2025-08-07 18:06:26,170 basehttp 36913 123145579728896 "OPTIONS /api/auth/telegram-widget/ HTTP/1.1" 200 0
WARNING 2025-08-07 18:06:26,408 basehttp 36913 123145579728896 "POST /api/auth/telegram-widget/ HTTP/1.1" 400 64
WARNING 2025-08-07 18:06:26,636 basehttp 36913 123145579728896 "POST /api/auth/telegram-widget/ HTTP/1.1" 400 64
INFO 2025-08-07 18:06:58,074 autoreload 43101 140704590802880 Watching for file changes with StatReloader
INFO 2025-08-07 18:07:18,572 basehttp 43101 123145565691904 "GET /admin/ HTTP/1.1" 302 0
INFO 2025-08-07 18:07:18,600 basehttp 43101 123145565691904 "GET /admin/login/?next=/admin/ HTTP/1.1" 200 4230
ERROR 2025-08-07 18:07:21,326 basehttp 43101 123145565691904 "POST /api/webhook/ HTTP/1.1" 500 34
INFO 2025-08-07 18:07:28,345 basehttp 43101 123145583017984 "POST /api/webhook/ HTTP/1.1" 200 15
INFO 2025-08-07 18:07:39,354 basehttp 43101 123145583017984 "POST /api/webhook/ HTTP/1.1" 200 15
INFO 2025-08-07 18:07:55,283 basehttp 43101 123145599807488 "OPTIONS /api/auth/telegram-widget/ HTTP/1.1" 200 0
WARNING 2025-08-07 18:07:55,503 basehttp 43101 123145599807488 "POST /api/auth/telegram-widget/ HTTP/1.1" 400 64
WARNING 2025-08-07 18:07:55,718 basehttp 43101 123145599807488 "POST /api/auth/telegram-widget/ HTTP/1.1" 400 64
INFO 2025-08-07 18:15:00,678 basehttp 43101 123145565691904 "OPTIONS /api/auth/telegram-widget/ HTTP/1.1" 200 0
WARNING 2025-08-07 18:15:00,900 basehttp 43101 123145565691904 "POST /api/auth/telegram-widget/ HTTP/1.1" 400 64
WARNING 2025-08-07 18:15:01,117 basehttp 43101 123145565691904 "POST /api/auth/telegram-widget/ HTTP/1.1" 400 64
WARNING 2025-08-07 18:15:39,343 basehttp 43101 123145565691904 "POST /api/auth/telegram-widget/ HTTP/1.1" 400 64
WARNING 2025-08-07 18:15:39,660 basehttp 43101 123145565691904 "POST /api/auth/telegram-widget/ HTTP/1.1" 400 64
INFO 2025-08-07 18:17:14,558 basehttp 43101 123145565691904 "OPTIONS /api/auth/telegram-widget/ HTTP/1.1" 200 0
WARNING 2025-08-07 18:17:14,781 basehttp 43101 123145565691904 "POST /api/auth/telegram-widget/ HTTP/1.1" 400 64
WARNING 2025-08-07 18:17:15,003 basehttp 43101 123145565691904 "POST /api/auth/telegram-widget/ HTTP/1.1" 400 64
INFO 2025-08-07 18:17:18,667 basehttp 43101 123145583017984 "POST /api/webhook/ HTTP/1.1" 200 15
INFO 2025-08-07 18:17:21,227 basehttp 43101 123145599807488 "OPTIONS /api/auth/telegram-widget/ HTTP/1.1" 200 0
WARNING 2025-08-07 18:17:21,451 basehttp 43101 123145599807488 "POST /api/auth/telegram-widget/ HTTP/1.1" 400 64
WARNING 2025-08-07 18:17:21,669 basehttp 43101 123145599807488 "POST /api/auth/telegram-widget/ HTTP/1.1" 400 64
INFO 2025-08-07 18:20:13,121 basehttp 43101 123145583017984 "OPTIONS /api/auth/telegram-widget/ HTTP/1.1" 200 0
WARNING 2025-08-07 18:20:13,336 basehttp 43101 123145583017984 "POST /api/auth/telegram-widget/ HTTP/1.1" 400 64
WARNING 2025-08-07 18:20:13,571 basehttp 43101 123145583017984 "POST /api/auth/telegram-widget/ HTTP/1.1" 400 64
INFO 2025-08-07 18:20:17,910 basehttp 43101 123145599807488 "POST /api/webhook/ HTTP/1.1" 200 15
INFO 2025-08-07 18:20:20,584 basehttp 43101 123145616596992 "OPTIONS /api/auth/telegram-widget/ HTTP/1.1" 200 0
WARNING 2025-08-07 18:20:20,807 basehttp 43101 123145616596992 "POST /api/auth/telegram-widget/ HTTP/1.1" 400 64
WARNING 2025-08-07 18:20:21,020 basehttp 43101 123145616596992 "POST /api/auth/telegram-widget/ HTTP/1.1" 400 64
INFO 2025-08-07 18:20:45,193 basehttp 43101 123145599807488 "POST /api/webhook/ HTTP/1.1" 200 15
INFO 2025-08-07 18:20:53,041 basehttp 43101 123145633386496 "OPTIONS /api/auth/telegram-widget/ HTTP/1.1" 200 0
WARNING 2025-08-07 18:20:53,258 basehttp 43101 123145633386496 "POST /api/auth/telegram-widget/ HTTP/1.1" 400 64
WARNING 2025-08-07 18:20:53,472 basehttp 43101 123145633386496 "POST /api/auth/telegram-widget/ HTTP/1.1" 400 64
WARNING 2025-08-07 18:21:54,825 basehttp 43101 123145633386496 "POST /api/auth/telegram-widget/ HTTP/1.1" 400 64
WARNING 2025-08-07 18:21:55,042 basehttp 43101 123145633386496 "POST /api/auth/telegram-widget/ HTTP/1.1" 400 64
INFO 2025-08-07 18:22:16,168 basehttp 43101 123145565691904 "GET /admin/api/user/ HTTP/1.1" 200 16568
INFO 2025-08-07 18:22:16,321 basehttp 43101 123145565691904 "GET /admin/jsi18n/ HTTP/1.1" 200 16066
WARNING 2025-08-07 18:22:19,045 basehttp 43101 123145565691904 "GET /favicon.ico HTTP/1.1" 404 19438
INFO 2025-08-07 18:22:20,647 basehttp 43101 123145565691904 "GET /admin/api/user/1/change/ HTTP/1.1" 200 16013
INFO 2025-08-07 18:22:20,715 basehttp 43101 123145583017984 "GET /static/admin/js/collapse.js HTTP/1.1" 200 1803
INFO 2025-08-07 18:22:20,720 basehttp 43101 123145565691904 "GET /admin/jsi18n/ HTTP/1.1" 200 16066
INFO 2025-08-07 18:23:40,479 autoreload 43101 140704590802880 /Users/shakhzodabidov/Projects/BabayBurgerMiniApp/backend/api/views.py changed, reloading.
INFO 2025-08-07 18:23:41,711 autoreload 56804 140704590802880 Watching for file changes with StatReloader
INFO 2025-08-07 18:24:06,665 autoreload 56804 140704590802880 /Users/shakhzodabidov/Projects/BabayBurgerMiniApp/backend/api/views.py changed, reloading.
INFO 2025-08-07 18:24:07,640 autoreload 57118 140704590802880 Watching for file changes with StatReloader
INFO 2025-08-07 18:24:09,119 autoreload 57118 140704590802880 /Users/shakhzodabidov/Projects/BabayBurgerMiniApp/backend/api/views.py changed, reloading.
INFO 2025-08-07 18:24:09,779 autoreload 57232 140704590802880 Watching for file changes with StatReloader
INFO 2025-08-07 18:24:32,668 autoreload 57232 140704590802880 /Users/shakhzodabidov/Projects/BabayBurgerMiniApp/backend/api/urls.py changed, reloading.
INFO 2025-08-07 18:24:33,529 autoreload 57520 140704590802880 Watching for file changes with StatReloader
INFO 2025-08-07 18:25:11,731 autoreload 57520 140704590802880 /Users/shakhzodabidov/Projects/BabayBurgerMiniApp/backend/api/urls.py changed, reloading.
INFO 2025-08-07 18:25:12,862 autoreload 58085 140704590802880 Watching for file changes with StatReloader
ERROR 2025-08-07 18:25:38,760 basehttp 58085 123145470865408 "POST /api/webhook/ HTTP/1.1" 500 33
ERROR 2025-08-07 18:25:38,876 basehttp 58085 123145470865408 "POST /api/webhook/ HTTP/1.1" 500 33
ERROR 2025-08-07 18:25:41,032 basehttp 58085 123145470865408 "POST /api/webhook/ HTTP/1.1" 500 33
ERROR 2025-08-07 18:25:45,169 basehttp 58085 123145470865408 "POST /api/webhook/ HTTP/1.1" 500 33
INFO 2025-08-07 18:25:45,212 basehttp 58085 123145487654912 "GET /admin/api/user/ HTTP/1.1" 200 16568
INFO 2025-08-07 18:25:45,285 basehttp 58085 123145487654912 "GET /admin/jsi18n/ HTTP/1.1" 200 16066
INFO 2025-08-07 18:25:52,661 basehttp 58085 123145538023424 "OPTIONS /api/auth/validate/ HTTP/1.1" 200 0
ERROR 2025-08-07 18:25:53,286 basehttp 58085 123145470865408 "POST /api/webhook/ HTTP/1.1" 500 33
INFO 2025-08-07 18:25:54,080 basehttp 58085 123145487654912 "GET /admin/api/address/ HTTP/1.1" 200 15013
INFO 2025-08-07 18:25:54,132 basehttp 58085 123145487654912 "GET /admin/jsi18n/ HTTP/1.1" 200 16066
INFO 2025-08-07 18:25:56,411 basehttp 58085 123145487654912 "GET /admin/api/user/ HTTP/1.1" 200 16568
INFO 2025-08-07 18:25:56,472 basehttp 58085 123145487654912 "GET /admin/jsi18n/ HTTP/1.1" 200 16066
ERROR 2025-08-07 18:26:09,414 basehttp 58085 123145470865408 "POST /api/webhook/ HTTP/1.1" 500 33
INFO 2025-08-07 18:26:13,344 autoreload 58970 140704590802880 Watching for file changes with StatReloader
ERROR 2025-08-07 18:26:41,560 basehttp 58970 123145358462976 "POST /api/webhook/ HTTP/1.1" 500 33
INFO 2025-08-07 18:27:26,144 basehttp 58970 123145375252480 "GET /admin/api/address/ HTTP/1.1" 200 15013
INFO 2025-08-07 18:27:26,198 basehttp 58970 123145375252480 "GET /admin/jsi18n/ HTTP/1.1" 200 16066
INFO 2025-08-07 18:27:27,557 basehttp 58970 123145375252480 "GET /admin/api/user/ HTTP/1.1" 200 16568
INFO 2025-08-07 18:27:27,607 basehttp 58970 123145375252480 "GET /admin/jsi18n/ HTTP/1.1" 200 16066
INFO 2025-08-07 18:27:38,447 basehttp 58970 123145408831488 "OPTIONS /api/auth/telegram-widget/ HTTP/1.1" 200 0
WARNING 2025-08-07 18:27:38,664 basehttp 58970 123145408831488 "POST /api/auth/telegram-widget/ HTTP/1.1" 400 64
WARNING 2025-08-07 18:27:38,879 basehttp 58970 123145408831488 "POST /api/auth/telegram-widget/ HTTP/1.1" 400 64
ERROR 2025-08-07 18:27:43,719 basehttp 58970 123145425620992 "POST /api/webhook/ HTTP/1.1" 500 33
INFO 2025-08-07 18:28:02,975 autoreload 60413 140704590802880 Watching for file changes with StatReloader
INFO 2025-08-07 18:28:43,290 autoreload 60413 140704590802880 /Users/shakhzodabidov/Projects/BabayBurgerMiniApp/backend/api/views.py changed, reloading.
INFO 2025-08-07 18:28:44,441 autoreload 60980 140704590802880 Watching for file changes with StatReloader
ERROR 2025-08-07 18:29:41,889 basehttp 60980 123145466241024 "POST /api/webhook/ HTTP/1.1" 500 33
INFO 2025-08-07 18:30:23,501 autoreload 60980 140704590802880 /Users/shakhzodabidov/Projects/BabayBurgerMiniApp/backend/api/models.py changed, reloading.
INFO 2025-08-07 18:30:25,068 autoreload 62383 140704590802880 Watching for file changes with StatReloader
INFO 2025-08-07 18:30:27,588 autoreload 62383 140704590802880 /Users/shakhzodabidov/Projects/BabayBurgerMiniApp/backend/api/models.py changed, reloading.
INFO 2025-08-07 18:30:28,302 autoreload 62408 140704590802880 Watching for file changes with StatReloader
INFO 2025-08-07 18:31:53,389 autoreload 63684 140704590802880 Watching for file changes with StatReloader
INFO 2025-08-07 18:31:55,993 autoreload 63684 140704590802880 /Users/shakhzodabidov/Projects/BabayBurgerMiniApp/backend/api/views.py changed, reloading.
INFO 2025-08-07 18:31:56,760 autoreload 63696 140704590802880 Watching for file changes with StatReloader
INFO 2025-08-07 18:32:07,395 autoreload 63696 140704590802880 /Users/shakhzodabidov/Projects/BabayBurgerMiniApp/backend/api/views.py changed, reloading.
INFO 2025-08-07 18:32:08,140 autoreload 63840 140704590802880 Watching for file changes with StatReloader
INFO 2025-08-07 18:32:40,711 basehttp 63840 123145399148544 "POST /api/webhook/ HTTP/1.1" 200 15
INFO 2025-08-07 18:32:41,282 basehttp 63840 123145399148544 "POST /api/webhook/ HTTP/1.1" 200 15
INFO 2025-08-07 18:32:41,795 basehttp 63840 123145399148544 "POST /api/webhook/ HTTP/1.1" 200 15
INFO 2025-08-07 18:32:42,308 basehttp 63840 123145399148544 "POST /api/webhook/ HTTP/1.1" 200 15
INFO 2025-08-07 18:32:42,868 basehttp 63840 123145399148544 "POST /api/webhook/ HTTP/1.1" 200 15
INFO 2025-08-07 18:32:43,414 basehttp 63840 123145399148544 "POST /api/webhook/ HTTP/1.1" 200 15
INFO 2025-08-07 18:32:43,916 basehttp 63840 123145399148544 "POST /api/webhook/ HTTP/1.1" 200 15
INFO 2025-08-07 18:32:44,468 basehttp 63840 123145399148544 "POST /api/webhook/ HTTP/1.1" 200 15
INFO 2025-08-07 18:32:44,962 basehttp 63840 123145399148544 "POST /api/webhook/ HTTP/1.1" 200 15
INFO 2025-08-07 18:32:45,500 basehttp 63840 123145399148544 "POST /api/webhook/ HTTP/1.1" 200 15
INFO 2025-08-07 18:32:50,462 basehttp 63840 123145417547776 "GET /admin/api/user/ HTTP/1.1" 200 17015
INFO 2025-08-07 18:32:50,507 basehttp 63840 123145417547776 "GET /admin/jsi18n/ HTTP/1.1" 200 16066
INFO 2025-08-07 18:32:56,660 autoreload 63840 140704590802880 /Users/shakhzodabidov/Projects/BabayBurgerMiniApp/backend/api/migrations/0004_user_last_name.py changed, reloading.
INFO 2025-08-07 18:32:57,885 autoreload 64556 140704590802880 Watching for file changes with StatReloader
INFO 2025-08-07 18:32:59,809 basehttp 64556 123145439019008 "OPTIONS /api/auth/telegram-widget/ HTTP/1.1" 200 0
WARNING 2025-08-07 18:33:00,018 basehttp 64556 123145439019008 "POST /api/auth/telegram-widget/ HTTP/1.1" 400 64
WARNING 2025-08-07 18:33:00,230 basehttp 64556 123145439019008 "POST /api/auth/telegram-widget/ HTTP/1.1" 400 64
WARNING 2025-08-07 18:33:26,969 basehttp 64556 123145439019008 "POST /api/auth/telegram-widget/ HTTP/1.1" 400 64
WARNING 2025-08-07 18:33:27,204 basehttp 64556 123145439019008 "POST /api/auth/telegram-widget/ HTTP/1.1" 400 64
INFO 2025-08-07 18:33:56,813 autoreload 64556 140704590802880 /Users/shakhzodabidov/Projects/BabayBurgerMiniApp/backend/api/models.py changed, reloading.
INFO 2025-08-07 18:33:57,890 autoreload 65397 140704590802880 Watching for file changes with StatReloader
INFO 2025-08-07 18:39:33,393 autoreload 69995 140704590802880 Watching for file changes with StatReloader
INFO 2025-08-07 18:39:41,511 basehttp 69995 123145441312768 "OPTIONS /api/auth/telegram-widget/ HTTP/1.1" 200 0
WARNING 2025-08-07 18:39:41,748 basehttp 69995 123145441312768 "POST /api/auth/telegram-widget/ HTTP/1.1" 400 64
WARNING 2025-08-07 18:39:41,991 basehttp 69995 123145441312768 "POST /api/auth/telegram-widget/ HTTP/1.1" 400 64
INFO 2025-08-07 18:39:49,596 basehttp 69995 123145458102272 "GET /admin/api/user/2/change/ HTTP/1.1" 200 16072
INFO 2025-08-07 18:39:49,773 basehttp 69995 123145458102272 "GET /admin/jsi18n/ HTTP/1.1" 200 16066
WARNING 2025-08-07 18:40:09,781 basehttp 69995 123145441312768 "POST /api/auth/telegram-widget/ HTTP/1.1" 400 64
WARNING 2025-08-07 18:40:10,006 basehttp 69995 123145441312768 "POST /api/auth/telegram-widget/ HTTP/1.1" 400 64
INFO 2025-08-07 18:41:12,543 autoreload 71396 140704590802880 Watching for file changes with StatReloader
INFO 2025-08-07 18:41:17,930 basehttp 71396 123145445294080 "OPTIONS /api/auth/telegram-widget/ HTTP/1.1" 200 0
WARNING 2025-08-07 18:41:18,155 basehttp 71396 123145445294080 "POST /api/auth/telegram-widget/ HTTP/1.1" 400 64
WARNING 2025-08-07 18:41:18,376 basehttp 71396 123145445294080 "POST /api/auth/telegram-widget/ HTTP/1.1" 400 64
INFO 2025-08-07 18:41:31,522 basehttp 71396 123145462083584 "POST /api/webhook/ HTTP/1.1" 200 15
INFO 2025-08-07 18:41:40,092 basehttp 71396 123145479409664 "OPTIONS /api/auth/telegram-widget/ HTTP/1.1" 200 0
WARNING 2025-08-07 18:41:40,319 basehttp 71396 123145479409664 "POST /api/auth/telegram-widget/ HTTP/1.1" 400 64
WARNING 2025-08-07 18:41:40,549 basehttp 71396 123145479409664 "POST /api/auth/telegram-widget/ HTTP/1.1" 400 64
INFO 2025-08-07 18:42:03,821 basehttp 71396 123145496199168 "GET /admin/api/user/ HTTP/1.1" 302 0
INFO 2025-08-07 18:42:03,934 basehttp 71396 123145496199168 "GET /admin/login/?next=/admin/api/user/ HTTP/1.1" 200 4248
INFO 2025-08-07 18:42:07,275 basehttp 71396 123145496199168 "POST /admin/login/?next=/admin/api/user/ HTTP/1.1" 302 0
INFO 2025-08-07 18:42:07,316 basehttp 71396 123145496199168 "GET /admin/api/user/ HTTP/1.1" 200 16573
INFO 2025-08-07 18:42:07,465 basehttp 71396 123145496199168 "GET /admin/jsi18n/ HTTP/1.1" 200 16066
INFO 2025-08-07 18:43:00,039 basehttp 71396 123145496199168 "POST /admin/api/user/ HTTP/1.1" 200 12966
INFO 2025-08-07 18:43:00,115 basehttp 71396 123145496199168 "GET /static/admin/js/cancel.js HTTP/1.1" 200 884
INFO 2025-08-07 18:43:02,212 basehttp 71396 123145496199168 "POST /admin/api/user/ HTTP/1.1" 302 0
INFO 2025-08-07 18:43:02,228 basehttp 71396 123145496199168 "GET /admin/api/user/ HTTP/1.1" 200 14174
INFO 2025-08-07 18:43:02,280 basehttp 71396 123145496199168 "GET /admin/jsi18n/ HTTP/1.1" 200 16066
INFO 2025-08-07 18:43:27,104 basehttp 71396 123145496199168 "GET /admin/api/user/ HTTP/1.1" 200 14031
INFO 2025-08-07 18:43:27,163 basehttp 71396 123145496199168 "GET /admin/jsi18n/ HTTP/1.1" 200 16066
INFO 2025-08-07 18:44:13,263 basehttp 71396 123145462083584 "POST /api/webhook/ HTTP/1.1" 200 15
INFO 2025-08-07 18:44:13,916 basehttp 71396 123145462083584 "POST /api/webhook/ HTTP/1.1" 200 15
INFO 2025-08-07 18:44:19,884 basehttp 71396 123145496199168 "GET /admin/api/user/ HTTP/1.1" 200 16573
INFO 2025-08-07 18:44:19,931 basehttp 71396 123145496199168 "GET /admin/jsi18n/ HTTP/1.1" 200 16066
INFO 2025-08-07 18:44:28,031 basehttp 71396 123145479409664 "OPTIONS /api/auth/telegram-widget/ HTTP/1.1" 200 0
WARNING 2025-08-07 18:44:28,513 basehttp 71396 123145512988672 "POST /api/auth/telegram-widget/ HTTP/1.1" 400 64
WARNING 2025-08-07 18:44:28,740 basehttp 71396 123145512988672 "POST /api/auth/telegram-widget/ HTTP/1.1" 400 64
INFO 2025-08-07 18:44:36,620 basehttp 71396 123145529778176 "OPTIONS /api/auth/telegram-widget/ HTTP/1.1" 200 0
WARNING 2025-08-07 18:44:36,832 basehttp 71396 123145529778176 "POST /api/auth/telegram-widget/ HTTP/1.1" 400 64
WARNING 2025-08-07 18:44:37,119 basehttp 71396 123145529778176 "POST /api/auth/telegram-widget/ HTTP/1.1" 400 64
INFO 2025-08-07 18:45:45,400 autoreload 71396 140704590802880 /Users/shakhzodabidov/Projects/BabayBurgerMiniApp/backend/api/views.py changed, reloading.
INFO 2025-08-07 18:45:46,910 autoreload 75175 140704590802880 Watching for file changes with StatReloader
INFO 2025-08-07 18:45:59,628 autoreload 75175 140704590802880 /Users/shakhzodabidov/Projects/BabayBurgerMiniApp/backend/api/views.py changed, reloading.
INFO 2025-08-07 18:46:00,440 autoreload 75331 140704590802880 Watching for file changes with StatReloader
INFO 2025-08-07 18:46:09,005 autoreload 75331 140704590802880 /Users/shakhzodabidov/Projects/BabayBurgerMiniApp/backend/api/views.py changed, reloading.
INFO 2025-08-07 18:46:09,768 autoreload 75472 140704590802880 Watching for file changes with StatReloader
INFO 2025-08-07 18:46:57,200 autoreload 75472 140704590802880 /Users/shakhzodabidov/Projects/BabayBurgerMiniApp/backend/api/views.py changed, reloading.
INFO 2025-08-07 18:46:58,588 autoreload 76174 140704590802880 Watching for file changes with StatReloader
INFO 2025-08-07 18:47:21,574 autoreload 76174 140704590802880 /Users/shakhzodabidov/Projects/BabayBurgerMiniApp/backend/api/views.py changed, reloading.
INFO 2025-08-07 18:47:22,433 autoreload 76473 140704590802880 Watching for file changes with StatReloader
INFO 2025-08-07 18:47:30,103 autoreload 76611 140704590802880 Watching for file changes with StatReloader
INFO 2025-08-07 18:47:41,698 basehttp 76611 123145582456832 "POST /api/webhook/ HTTP/1.1" 200 15
WARNING 2025-08-07 18:47:44,673 basehttp 76611 123145600319488 "POST /api/auth/telegram-widget/ HTTP/1.1" 400 101
ERROR 2025-08-07 18:47:44,898 basehttp 76611 123145600319488 "POST /api/auth/telegram-widget/ HTTP/1.1" 500 69
INFO 2025-08-07 18:48:10,560 autoreload 76611 140704590802880 /Users/shakhzodabidov/Projects/BabayBurgerMiniApp/backend/api/views.py changed, reloading.
INFO 2025-08-07 18:48:11,589 autoreload 77183 140704590802880 Watching for file changes with StatReloader
WARNING 2025-08-07 18:48:24,149 basehttp 77183 123145601658880 "POST /api/auth/telegram-widget/ HTTP/1.1" 400 101
WARNING 2025-08-07 18:48:24,565 basehttp 77183 123145601658880 "POST /api/auth/telegram-widget/ HTTP/1.1" 400 97
INFO 2025-08-07 18:48:25,420 autoreload 77183 140704590802880 /Users/shakhzodabidov/Projects/BabayBurgerMiniApp/backend/api/views.py changed, reloading.
INFO 2025-08-07 18:48:26,412 autoreload 77341 140704590802880 Watching for file changes with StatReloader
WARNING 2025-08-07 18:48:27,657 basehttp 77341 123145440735232 "POST /api/auth/telegram-widget/ HTTP/1.1" 400 101
WARNING 2025-08-07 18:48:27,888 basehttp 77341 123145440735232 "POST /api/auth/telegram-widget/ HTTP/1.1" 400 97
INFO 2025-08-07 18:48:41,121 autoreload 77341 140704590802880 /Users/shakhzodabidov/Projects/BabayBurgerMiniApp/backend/api/views.py changed, reloading.
INFO 2025-08-07 18:48:42,015 autoreload 77603 140704590802880 Watching for file changes with StatReloader
WARNING 2025-08-07 18:48:44,806 basehttp 77603 123145362604032 "POST /api/auth/telegram-widget/ HTTP/1.1" 400 101
WARNING 2025-08-07 18:48:45,091 basehttp 77603 123145362604032 "POST /api/auth/telegram-widget/ HTTP/1.1" 400 97
INFO 2025-08-07 18:49:04,294 basehttp 77603 123145379393536 "POST /api/webhook/ HTTP/1.1" 200 15
WARNING 2025-08-07 18:49:06,040 basehttp 77603 123145362604032 "POST /api/auth/telegram-widget/ HTTP/1.1" 400 101
WARNING 2025-08-07 18:49:06,290 basehttp 77603 123145362604032 "POST /api/auth/telegram-widget/ HTTP/1.1" 400 97
INFO 2025-08-07 18:49:30,752 autoreload 77603 140704590802880 /Users/shakhzodabidov/Projects/BabayBurgerMiniApp/backend/api/views.py changed, reloading.
INFO 2025-08-07 18:49:31,626 autoreload 78299 140704590802880 Watching for file changes with StatReloader
INFO 2025-08-07 18:51:12,023 basehttp 78299 123145379819520 "OPTIONS /api/auth/telegram-widget/ HTTP/1.1" 200 0
WARNING 2025-08-07 18:51:12,236 basehttp 78299 123145379819520 "POST /api/auth/telegram-widget/ HTTP/1.1" 400 101
WARNING 2025-08-07 18:51:12,451 basehttp 78299 123145379819520 "POST /api/auth/telegram-widget/ HTTP/1.1" 400 97
WARNING 2025-08-07 18:51:53,407 basehttp 78299 123145379819520 "POST /api/auth/telegram-widget/ HTTP/1.1" 400 101
WARNING 2025-08-07 18:51:53,641 basehttp 78299 123145379819520 "POST /api/auth/telegram-widget/ HTTP/1.1" 400 97
INFO 2025-08-07 18:52:54,428 autoreload 78299 140704590802880 /Users/shakhzodabidov/Projects/BabayBurgerMiniApp/backend/api/views.py changed, reloading.
INFO 2025-08-07 18:52:55,635 autoreload 81051 140704590802880 Watching for file changes with StatReloader
INFO 2025-08-07 18:55:21,161 autoreload 83090 140704590802880 Watching for file changes with StatReloader
INFO 2025-08-07 18:55:30,746 basehttp 83090 123145473196032 "OPTIONS /api/auth/validate/ HTTP/1.1" 200 0
INFO 2025-08-07 18:56:12,585 basehttp 83090 123145489985536 "POST /api/webhook/ HTTP/1.1" 200 15
INFO 2025-08-07 18:56:15,898 basehttp 83090 123145507848192 "OPTIONS /api/auth/telegram-widget/ HTTP/1.1" 200 0
WARNING 2025-08-07 18:56:16,414 basehttp 83090 123145524637696 "POST /api/auth/telegram-widget/ HTTP/1.1" 400 101
WARNING 2025-08-07 18:56:16,640 basehttp 83090 123145524637696 "POST /api/auth/telegram-widget/ HTTP/1.1" 400 97
WARNING 2025-08-07 18:56:34,350 basehttp 83090 123145524637696 "POST /api/auth/telegram-widget/ HTTP/1.1" 400 101
WARNING 2025-08-07 18:56:34,581 basehttp 83090 123145524637696 "POST /api/auth/telegram-widget/ HTTP/1.1" 400 97
INFO 2025-08-07 20:50:29,403 basehttp 83090 123145473196032 - Broken pipe from ('127.0.0.1', 58950)
INFO 2025-08-07 21:32:06,313 basehttp 83090 123145473196032 "OPTIONS /api/auth/telegram-widget/ HTTP/1.1" 200 0
WARNING 2025-08-07 21:32:07,296 basehttp 83090 123145489985536 "POST /api/auth/telegram-widget/ HTTP/1.1" 400 101
WARNING 2025-08-07 21:32:07,745 basehttp 83090 123145489985536 "POST /api/auth/telegram-widget/ HTTP/1.1" 400 97
INFO 2025-08-07 21:38:26,365 basehttp 83090 123145473196032 "OPTIONS /api/auth/telegram-widget/ HTTP/1.1" 200 0
WARNING 2025-08-07 21:38:26,805 basehttp 83090 123145473196032 "POST /api/auth/telegram-widget/ HTTP/1.1" 400 101
WARNING 2025-08-07 21:38:27,255 basehttp 83090 123145473196032 "POST /api/auth/telegram-widget/ HTTP/1.1" 400 97
WARNING 2025-08-07 21:40:41,069 basehttp 83090 123145473196032 "POST /api/auth/telegram-widget/ HTTP/1.1" 400 101
WARNING 2025-08-07 21:40:41,517 basehttp 83090 123145473196032 "POST /api/auth/telegram-widget/ HTTP/1.1" 400 97
